<testsuites id="" name="" tests="33" failures="1" skipped="0" errors="0" time="65.26408500000001">
<testsuite name="tests/training/alerts.test.ts" timestamp="2025-11-13T17:14:39.875Z" hostname="Firefox" tests="1" failures="0" skipped="0" time="3.798" errors="0">
<testcase name="Bootstrap Modal Demo - should open modal, click Save Changes, and ensure it closes" classname="tests/training/alerts.test.ts" time="3.798">
</testcase>
</testsuite>
<testsuite name="tests/training/alerts1.test.ts" timestamp="2025-11-13T17:14:39.875Z" hostname="Firefox" tests="1" failures="0" skipped="0" time="4.399" errors="0">
<testcase name="handling alerts" classname="tests/training/alerts1.test.ts" time="4.399">
<system-out>
<![CDATA[I am an alert box!
]]>
</system-out>
</testcase>
</testsuite>
<testsuite name="tests/training/alerts2.test.ts" timestamp="2025-11-13T17:14:39.875Z" hostname="Firefox" tests="1" failures="0" skipped="0" time="1.463" errors="0">
<testcase name="handling alerts" classname="tests/training/alerts2.test.ts" time="1.463">
<system-out>
<![CDATA[Press a button!
]]>
</system-out>
</testcase>
</testsuite>
<testsuite name="tests/training/alerts3.test.ts" timestamp="2025-11-13T17:14:39.875Z" hostname="Firefox" tests="1" failures="0" skipped="0" time="1.346" errors="0">
<testcase name="Prompt dialog test" classname="tests/training/alerts3.test.ts" time="1.346">
<system-out>
<![CDATA[Prompt test completed, text verified on the page.
]]>
</system-out>
</testcase>
</testsuite>
<testsuite name="tests/training/basicInteractions.test.ts" timestamp="2025-11-13T17:14:39.875Z" hostname="Firefox" tests="1" failures="0" skipped="0" time="1.738" errors="0">
<testcase name="Checkbox" classname="tests/training/basicInteractions.test.ts" time="1.738">
</testcase>
</testsuite>
<testsuite name="tests/training/basicInteractions1.test.ts" timestamp="2025-11-13T17:14:39.875Z" hostname="Firefox" tests="2" failures="0" skipped="0" time="2.913" errors="0">
<testcase name="Interaction with inputs" classname="tests/training/basicInteractions1.test.ts" time="1.538">
<system-out>
<![CDATA[Please enter your Message
Before entering data: 
After entering data: Hi Sly
]]>
</system-out>
</testcase>
<testcase name="Sum" classname="tests/training/basicInteractions1.test.ts" time="1.375">
<system-out>
<![CDATA[667
]]>
</system-out>
</testcase>
</testsuite>
<testsuite name="tests/training/datafromjson.test.ts" timestamp="2025-11-13T17:14:39.875Z" hostname="Firefox" tests="1" failures="0" skipped="0" time="2.795" errors="0">
<testcase name="Wikipedia search for random ancient general - CI proof" classname="tests/training/datafromjson.test.ts" time="2.795">
<system-out>
<![CDATA[Searching for: Gaius Marius
Navigated to English Wikipedia
Filled search input with "Gaius Marius"
Search submitted
Verified page heading contains "Gaius Marius"
Verified URL contains "Gaius_Marius"
]]>
</system-out>
</testcase>
</testsuite>
<testsuite name="tests/training/date-calendar.test.ts" timestamp="2025-11-13T17:14:39.875Z" hostname="Firefox" tests="1" failures="0" skipped="0" time="2.29" errors="0">
<testcase name="Pick May 4th 2026 in jQuery UI Datepicker" classname="tests/training/date-calendar.test.ts" time="2.29">
</testcase>
</testsuite>
<testsuite name="tests/training/date-calendar2.test.ts" timestamp="2025-11-13T17:14:39.875Z" hostname="Firefox" tests="1" failures="0" skipped="0" time="1.619" errors="0">
<testcase name="Pick the 15th after clicking next 3 times" classname="tests/training/date-calendar2.test.ts" time="1.619">
<system-out>
<![CDATA[Selected date: 02/15/2026
]]>
</system-out>
</testcase>
</testsuite>
<testsuite name="tests/training/date-calendar3.test.ts" timestamp="2025-11-13T17:14:39.875Z" hostname="Firefox" tests="1" failures="0" skipped="0" time="4.372" errors="0">
<testcase name="Pick today, three years in the past" classname="tests/training/date-calendar3.test.ts" time="4.372">
<system-out>
<![CDATA[Selected date: 11/13/2022
]]>
</system-out>
</testcase>
</testsuite>
<testsuite name="tests/training/date-fill.test.ts" timestamp="2025-11-13T17:14:39.875Z" hostname="Firefox" tests="1" failures="0" skipped="0" time="6.608" errors="0">
<testcase name="Set birthday with fill and check displayed value (with 1s visual delays)" classname="tests/training/date-fill.test.ts" time="6.608">
</testcase>
</testsuite>
<testsuite name="tests/training/download.test.ts" timestamp="2025-11-13T17:14:39.875Z" hostname="Firefox" tests="1" failures="0" skipped="0" time="2.285" errors="0">
<testcase name="Generate and verify donwloaded file name" classname="tests/training/download.test.ts" time="2.285">
</testcase>
</testsuite>
<testsuite name="tests/training/download1.test.ts" timestamp="2025-11-13T17:14:39.875Z" hostname="Firefox" tests="1" failures="0" skipped="0" time="2.88" errors="0">
<testcase name="Generate and download file" classname="tests/training/download1.test.ts" time="2.88">
</testcase>
</testsuite>
<testsuite name="tests/training/download2.test.ts" timestamp="2025-11-13T17:14:39.875Z" hostname="Firefox" tests="1" failures="0" skipped="0" time="2.927" errors="0">
<testcase name="Generate, download, check, and delete file" classname="tests/training/download2.test.ts" time="2.927">
<system-out>
<![CDATA[Navigating to LambdaTest download page...
Typed text: "Test test test"
Button is now enabled
Clicked "Generate File"
Download link is visible
Download started for file: Lambdainfo.txt
File saved locally at: /home/runner/work/Playwright-public/Playwright-public/tests/training/Lambdainfo.txt
Verified file name is: Lambdainfo.txt
File content:
Test test test
Verified content contains "Test test test"
Downloaded file deleted after test
]]>
</system-out>
</testcase>
</testsuite>
<testsuite name="tests/training/download3.test.ts" timestamp="2025-11-13T17:14:39.875Z" hostname="Firefox" tests="1" failures="0" skipped="0" time="2.937" errors="0">
<testcase name="Generate, download, and check file content" classname="tests/training/download3.test.ts" time="2.937">
<system-out>
<![CDATA[Navigating to LambdaTest download page...
Typed text: "Test test test"
Button is now enabled
Clicked "Generate File"
Download link is visible
Download started for file: Lambdainfo.txt
Verified file name is: Lambdainfo.txt
File content:
Test test test
Verified content contains "Test test test"
Download checked successfully, no file saved.
]]>
</system-out>
</testcase>
</testsuite>
<testsuite name="tests/training/dropdown.test.ts" timestamp="2025-11-13T17:14:39.875Z" hostname="Firefox" tests="1" failures="0" skipped="0" time="7.401" errors="0">
<testcase name="Dropdown search and select India (exact match)" classname="tests/training/dropdown.test.ts" time="7.401">
</testcase>
</testsuite>
<testsuite name="tests/training/dropdown1.test.ts" timestamp="2025-11-13T17:14:39.875Z" hostname="Firefox" tests="2" failures="0" skipped="0" time="5.716" errors="0">
<testcase name="Select Tuesday from dropdown" classname="tests/training/dropdown1.test.ts" time="4.097">
</testcase>
<testcase name="Select multiple states in order and verify displayed last selected text and first selected option" classname="tests/training/dropdown1.test.ts" time="1.619">
</testcase>
</testsuite>
<testsuite name="tests/training/dropdown2.test.ts" timestamp="2025-11-13T17:14:39.875Z" hostname="Firefox" tests="2" failures="0" skipped="0" time="14.958" errors="0">
<testcase name="Select multiple states in order and verify displayed last selected text and first selected option" classname="tests/training/dropdown2.test.ts" time="7.593">
</testcase>
<testcase name="Select multiple states and verify first selected option first, then all selected" classname="tests/training/dropdown2.test.ts" time="7.365">
</testcase>
</testsuite>
<testsuite name="tests/training/example.spec.ts" timestamp="2025-11-13T17:14:39.875Z" hostname="Firefox" tests="2" failures="0" skipped="0" time="2.369" errors="0">
<testcase name="has title" classname="tests/training/example.spec.ts" time="0.897">
</testcase>
<testcase name="get started link" classname="tests/training/example.spec.ts" time="1.472">
</testcase>
</testsuite>
<testsuite name="tests/training/frames.test.ts" timestamp="2025-11-13T17:14:39.875Z" hostname="Firefox" tests="1" failures="0" skipped="0" time="5.182" errors="0">
<testcase name="Fill first name, last name, and email in separate frames" classname="tests/training/frames.test.ts" time="5.182">
<system-out>
<![CDATA[Number of frames: 17
]]>
</system-out>
</testcase>
</testsuite>
<testsuite name="tests/training/hoverusingfixture.test.ts" timestamp="2025-11-13T17:14:39.875Z" hostname="Firefox" tests="1" failures="0" skipped="0" time="3.485" errors="0">
<testcase name="Navigate via Mega Menu to Printer page" classname="tests/training/hoverusingfixture.test.ts" time="3.485">
<system-out>
<![CDATA[Hovering and clicking "Mega Menu -> Printer"...
Clicked "Mega Menu -> Printer" -> a[title="Printer"]
]]>
</system-out>
</testcase>
</testsuite>
<testsuite name="tests/training/login-logout-hiddencred.test.ts" timestamp="2025-11-13T17:14:39.875Z" hostname="Firefox" tests="1" failures="0" skipped="0" time="3.701" errors="0">
<testcase name="Login and Logout with hidden credentials" classname="tests/training/login-logout-hiddencred.test.ts" time="3.701">
</testcase>
</testsuite>
<testsuite name="tests/training/login-logout.test.ts" timestamp="2025-11-13T17:14:39.875Z" hostname="Firefox" tests="1" failures="0" skipped="0" time="4.141" errors="0">
<testcase name="Login/Logout" classname="tests/training/login-logout.test.ts" time="4.141">
</testcase>
</testsuite>
<testsuite name="tests/training/login-profileedit.test.ts" timestamp="2025-11-13T17:14:39.875Z" hostname="Firefox" tests="1" failures="0" skipped="0" time="5.901" errors="0">
<testcase name="Login, edit profile, and logout - CI-proof" classname="tests/training/login-profileedit.test.ts" time="5.901">
<system-out>
<![CDATA[Navigating to LambdaTest eCommerce playground...
Hovering and clicking "My account (login)"...
Clicked "My account (login)" -> a:has-text("Login")
Logged in successfully
Updated first name successfully
Hovering and clicking "My account (logout)"...
Clicked "My account (logout)" -> a.icon-left.both.dropdown-item:has-text("Logout")
Logout verified successfully
]]>
</system-out>
</testcase>
</testsuite>
<testsuite name="tests/training/pom-loginfail.test.ts" timestamp="2025-11-13T17:14:39.875Z" hostname="Firefox" tests="1" failures="1" skipped="0" time="1.778" errors="0">
<testcase name="Login fails with invalid credentials (handles throttling)" classname="tests/training/pom-loginfail.test.ts" time="1.778">
<failure message="pom-loginfail.test.ts:4:5 Login fails with invalid credentials (handles throttling)" type="FAILURE">
<![CDATA[  [Firefox] › tests/training/pom-loginfail.test.ts:4:5 › Login fails with invalid credentials (handles throttling) 

    Error: expect(received).toBe(expected) // Object.is equality

    Expected: true
    Received: false

      13 |   // Assert error alert is visible
      14 |   const isVisible = await loginPage.isLoginErrorVisible();
    > 15 |   expect(isVisible).toBe(true);
         |                     ^
      16 |
      17 |   // Get the error message text
      18 |   const errorText = await loginPage.getLoginErrorText();
        at /home/runner/work/Playwright-public/Playwright-public/tests/training/pom-loginfail.test.ts:15:21

    attachment #1: screenshot (image/png) ──────────────────────────────────────────────────────────
    test-results/tests-training-pom-loginfa-c8790-entials-handles-throttling--Firefox/test-failed-1.png
    ────────────────────────────────────────────────────────────────────────────────────────────────

    attachment #2: video (video/webm) ──────────────────────────────────────────────────────────────
    test-results/tests-training-pom-loginfa-c8790-entials-handles-throttling--Firefox/video.webm
    ────────────────────────────────────────────────────────────────────────────────────────────────

    Error Context: test-results/tests-training-pom-loginfa-c8790-entials-handles-throttling--Firefox/error-context.md
]]>
</failure>
<system-out>
<![CDATA[
[[ATTACHMENT|../test-results/tests-training-pom-loginfa-c8790-entials-handles-throttling--Firefox/test-failed-1.png]]

[[ATTACHMENT|../test-results/tests-training-pom-loginfa-c8790-entials-handles-throttling--Firefox/video.webm]]

[[ATTACHMENT|../test-results/tests-training-pom-loginfa-c8790-entials-handles-throttling--Firefox/error-context.md]]
]]>
</system-out>
</testcase>
</testsuite>
<testsuite name="tests/training/pom-loginsuccess.test.ts" timestamp="2025-11-13T17:14:39.875Z" hostname="Firefox" tests="1" failures="0" skipped="0" time="2.504" errors="0">
<testcase name="Login successful with valid credentials" classname="tests/training/pom-loginsuccess.test.ts" time="2.504">
</testcase>
</testsuite>
<testsuite name="tests/training/popup.test.ts" timestamp="2025-11-13T17:14:39.875Z" hostname="Firefox" tests="1" failures="0" skipped="0" time="6.129" errors="0">
<testcase name="Follow on Twitter popup test" classname="tests/training/popup.test.ts" time="6.129">
<system-out>
<![CDATA[Main page URL: https://www.lambdatest.com/selenium-playground/window-popup-modal-demo
Popup opened with URL: https://x.com/Lambdatesting
Popup redirected to URL: https://x.com/
]]>
</system-out>
</testcase>
</testsuite>
<testsuite name="tests/training/slider.test.ts" timestamp="2025-11-13T17:14:39.875Z" hostname="Firefox" tests="1" failures="0" skipped="0" time="5.077" errors="0">
<testcase name="Test Scenario 2 - Drag &amp; Drop Sliders Demo (robust)" classname="tests/training/slider.test.ts" time="5.077">
</testcase>
</testsuite>
<testsuite name="tests/training/upload.test.ts" timestamp="2025-11-13T17:14:39.875Z" hostname="Firefox" tests="1" failures="0" skipped="0" time="4.665" errors="0">
<testcase name="File upload with multiple selection verification" classname="tests/training/upload.test.ts" time="4.665">
<system-out>
<![CDATA[Multiple selection enabled: true
Files selected
Files successfully displayed in upload list
]]>
</system-out>
</testcase>
</testsuite>
</testsuites>