<testsuites id="" name="" tests="33" failures="0" skipped="0" errors="0" time="65.374868">
<testsuite name="tests/training/alerts.test.ts" timestamp="2025-11-13T16:55:35.166Z" hostname="Firefox" tests="1" failures="0" skipped="0" time="4.008" errors="0">
<testcase name="Bootstrap Modal Demo - should open modal, click Save Changes, and ensure it closes" classname="tests/training/alerts.test.ts" time="4.008">
</testcase>
</testsuite>
<testsuite name="tests/training/alerts1.test.ts" timestamp="2025-11-13T16:55:35.166Z" hostname="Firefox" tests="1" failures="0" skipped="0" time="4.404" errors="0">
<testcase name="handling alerts" classname="tests/training/alerts1.test.ts" time="4.404">
<system-out>
<![CDATA[I am an alert box!
]]>
</system-out>
</testcase>
</testsuite>
<testsuite name="tests/training/alerts2.test.ts" timestamp="2025-11-13T16:55:35.166Z" hostname="Firefox" tests="1" failures="0" skipped="0" time="1.348" errors="0">
<testcase name="handling alerts" classname="tests/training/alerts2.test.ts" time="1.348">
<system-out>
<![CDATA[Press a button!
]]>
</system-out>
</testcase>
</testsuite>
<testsuite name="tests/training/alerts3.test.ts" timestamp="2025-11-13T16:55:35.166Z" hostname="Firefox" tests="1" failures="0" skipped="0" time="1.459" errors="0">
<testcase name="Prompt dialog test" classname="tests/training/alerts3.test.ts" time="1.459">
<system-out>
<![CDATA[Prompt test completed, text verified on the page.
]]>
</system-out>
</testcase>
</testsuite>
<testsuite name="tests/training/basicInteractions.test.ts" timestamp="2025-11-13T16:55:35.166Z" hostname="Firefox" tests="1" failures="0" skipped="0" time="1.297" errors="0">
<testcase name="Checkbox" classname="tests/training/basicInteractions.test.ts" time="1.297">
</testcase>
</testsuite>
<testsuite name="tests/training/basicInteractions1.test.ts" timestamp="2025-11-13T16:55:35.166Z" hostname="Firefox" tests="2" failures="0" skipped="0" time="2.648" errors="0">
<testcase name="Interaction with inputs" classname="tests/training/basicInteractions1.test.ts" time="1.222">
<system-out>
<![CDATA[Please enter your Message
Before entering data: 
After entering data: Hi Sly
]]>
</system-out>
</testcase>
<testcase name="Sum" classname="tests/training/basicInteractions1.test.ts" time="1.426">
<system-out>
<![CDATA[667
]]>
</system-out>
</testcase>
</testsuite>
<testsuite name="tests/training/datafromjson.test.ts" timestamp="2025-11-13T16:55:35.166Z" hostname="Firefox" tests="1" failures="0" skipped="0" time="2.412" errors="0">
<testcase name="Wikipedia search for random ancient general - CI proof" classname="tests/training/datafromjson.test.ts" time="2.412">
<system-out>
<![CDATA[Searching for: Pyrrhus of Epirus
Navigated to English Wikipedia
Filled search input with "Pyrrhus of Epirus"
Search submitted
Verified page heading contains "Pyrrhus of Epirus"
Verified URL contains "Pyrrhus_of_Epirus"
]]>
</system-out>
</testcase>
</testsuite>
<testsuite name="tests/training/date-calendar.test.ts" timestamp="2025-11-13T16:55:35.166Z" hostname="Firefox" tests="1" failures="0" skipped="0" time="2.155" errors="0">
<testcase name="Pick May 4th 2026 in jQuery UI Datepicker" classname="tests/training/date-calendar.test.ts" time="2.155">
</testcase>
</testsuite>
<testsuite name="tests/training/date-calendar2.test.ts" timestamp="2025-11-13T16:55:35.166Z" hostname="Firefox" tests="1" failures="0" skipped="0" time="1.581" errors="0">
<testcase name="Pick the 15th after clicking next 3 times" classname="tests/training/date-calendar2.test.ts" time="1.581">
<system-out>
<![CDATA[Selected date: 02/15/2026
]]>
</system-out>
</testcase>
</testsuite>
<testsuite name="tests/training/date-calendar3.test.ts" timestamp="2025-11-13T16:55:35.166Z" hostname="Firefox" tests="1" failures="0" skipped="0" time="4.246" errors="0">
<testcase name="Pick today, three years in the past" classname="tests/training/date-calendar3.test.ts" time="4.246">
<system-out>
<![CDATA[Selected date: 11/13/2022
]]>
</system-out>
</testcase>
</testsuite>
<testsuite name="tests/training/date-fill.test.ts" timestamp="2025-11-13T16:55:35.166Z" hostname="Firefox" tests="1" failures="0" skipped="0" time="6.23" errors="0">
<testcase name="Set birthday with fill and check displayed value (with 1s visual delays)" classname="tests/training/date-fill.test.ts" time="6.23">
</testcase>
</testsuite>
<testsuite name="tests/training/download.test.ts" timestamp="2025-11-13T16:55:35.166Z" hostname="Firefox" tests="1" failures="0" skipped="0" time="2.243" errors="0">
<testcase name="Generate and verify donwloaded file name" classname="tests/training/download.test.ts" time="2.243">
</testcase>
</testsuite>
<testsuite name="tests/training/download1.test.ts" timestamp="2025-11-13T16:55:35.166Z" hostname="Firefox" tests="1" failures="0" skipped="0" time="3.07" errors="0">
<testcase name="Generate and download file" classname="tests/training/download1.test.ts" time="3.07">
</testcase>
</testsuite>
<testsuite name="tests/training/download2.test.ts" timestamp="2025-11-13T16:55:35.166Z" hostname="Firefox" tests="1" failures="0" skipped="0" time="3.285" errors="0">
<testcase name="Generate, download, check, and delete file" classname="tests/training/download2.test.ts" time="3.285">
<system-out>
<![CDATA[Navigating to LambdaTest download page...
Typed text: "Test test test"
Button is now enabled
Clicked "Generate File"
Download link is visible
Download started for file: Lambdainfo.txt
File saved locally at: /home/runner/work/Playwright-public/Playwright-public/tests/training/Lambdainfo.txt
Verified file name is: Lambdainfo.txt
File content:
Test test test
Verified content contains "Test test test"
Downloaded file deleted after test
]]>
</system-out>
</testcase>
</testsuite>
<testsuite name="tests/training/download3.test.ts" timestamp="2025-11-13T16:55:35.166Z" hostname="Firefox" tests="1" failures="0" skipped="0" time="3.081" errors="0">
<testcase name="Generate, download, and check file content" classname="tests/training/download3.test.ts" time="3.081">
<system-out>
<![CDATA[Navigating to LambdaTest download page...
Typed text: "Test test test"
Button is now enabled
Clicked "Generate File"
Download link is visible
Download started for file: Lambdainfo.txt
Verified file name is: Lambdainfo.txt
File content:
Test test test
Verified content contains "Test test test"
Download checked successfully, no file saved.
]]>
</system-out>
</testcase>
</testsuite>
<testsuite name="tests/training/dropdown.test.ts" timestamp="2025-11-13T16:55:35.166Z" hostname="Firefox" tests="1" failures="0" skipped="0" time="7.354" errors="0">
<testcase name="Dropdown search and select India (exact match)" classname="tests/training/dropdown.test.ts" time="7.354">
</testcase>
</testsuite>
<testsuite name="tests/training/dropdown1.test.ts" timestamp="2025-11-13T16:55:35.166Z" hostname="Firefox" tests="2" failures="0" skipped="0" time="6.328" errors="0">
<testcase name="Select Tuesday from dropdown" classname="tests/training/dropdown1.test.ts" time="3.919">
</testcase>
<testcase name="Select multiple states in order and verify displayed last selected text and first selected option" classname="tests/training/dropdown1.test.ts" time="2.409">
</testcase>
</testsuite>
<testsuite name="tests/training/dropdown2.test.ts" timestamp="2025-11-13T16:55:35.166Z" hostname="Firefox" tests="2" failures="0" skipped="0" time="15.26" errors="0">
<testcase name="Select multiple states in order and verify displayed last selected text and first selected option" classname="tests/training/dropdown2.test.ts" time="7.678">
</testcase>
<testcase name="Select multiple states and verify first selected option first, then all selected" classname="tests/training/dropdown2.test.ts" time="7.582">
</testcase>
</testsuite>
<testsuite name="tests/training/example.spec.ts" timestamp="2025-11-13T16:55:35.166Z" hostname="Firefox" tests="2" failures="0" skipped="0" time="1.941" errors="0">
<testcase name="has title" classname="tests/training/example.spec.ts" time="0.872">
</testcase>
<testcase name="get started link" classname="tests/training/example.spec.ts" time="1.069">
</testcase>
</testsuite>
<testsuite name="tests/training/frames.test.ts" timestamp="2025-11-13T16:55:35.166Z" hostname="Firefox" tests="1" failures="0" skipped="0" time="3.469" errors="0">
<testcase name="Fill first name, last name, and email in separate frames" classname="tests/training/frames.test.ts" time="3.469">
<system-out>
<![CDATA[Number of frames: 14
]]>
</system-out>
</testcase>
</testsuite>
<testsuite name="tests/training/hoverusingfixture.test.ts" timestamp="2025-11-13T16:55:35.166Z" hostname="Firefox" tests="1" failures="0" skipped="0" time="3.762" errors="0">
<testcase name="Navigate via Mega Menu to Printer page" classname="tests/training/hoverusingfixture.test.ts" time="3.762">
<system-out>
<![CDATA[Hovering and clicking "Mega Menu -> Printer"...
Clicked "Mega Menu -> Printer" -> a[title="Printer"]
]]>
</system-out>
</testcase>
</testsuite>
<testsuite name="tests/training/login-logout-hiddencred.test.ts" timestamp="2025-11-13T16:55:35.166Z" hostname="Firefox" tests="1" failures="0" skipped="0" time="4.272" errors="0">
<testcase name="Login and Logout with hidden credentials" classname="tests/training/login-logout-hiddencred.test.ts" time="4.272">
</testcase>
</testsuite>
<testsuite name="tests/training/login-logout.test.ts" timestamp="2025-11-13T16:55:35.166Z" hostname="Firefox" tests="1" failures="0" skipped="0" time="5.072" errors="0">
<testcase name="Login/Logout" classname="tests/training/login-logout.test.ts" time="5.072">
</testcase>
</testsuite>
<testsuite name="tests/training/login-profileedit.test.ts" timestamp="2025-11-13T16:55:35.166Z" hostname="Firefox" tests="1" failures="0" skipped="0" time="7.286" errors="0">
<testcase name="Login, edit profile, and logout - CI-proof" classname="tests/training/login-profileedit.test.ts" time="7.286">
<system-out>
<![CDATA[Navigating to LambdaTest eCommerce playground...
Hovering and clicking "My account (login)"...
Clicked "My account (login)" -> a:has-text("Login")
Logged in successfully
BROWSER LOG: [JavaScript Warning: "Loading failed for the <script> with source “https://ecommerce-playground.lambdatest.io/catalog/view/theme/mz_poco/asset/javascript/megastore-2.28/combine/2196b913fff60250c31df8a493964123all.js”." {file: "https://ecommerce-playground.lambdatest.io/index.php?route=account/edit" line: 450}]
BROWSER LOG: jQuery.Deferred exception: $(...).datetimepicker is not a function @https://ecommerce-playground.lambdatest.io/index.php?route=account/edit:294:30
e@https://ajax.googleapis.com/ajax/libs/jquery/3.6.0/jquery.min.js:2:30038
Deferred/then/l/</t<@https://ajax.googleapis.com/ajax/libs/jquery/3.6.0/jquery.min.js:2:30340
setTimeout handler*Deferred/then/l/<@https://ajax.googleapis.com/ajax/libs/jquery/3.6.0/jquery.min.js:2:30549
c@https://ajax.googleapis.com/ajax/libs/jquery/3.6.0/jquery.min.js:2:28327
fireWith@https://ajax.googleapis.com/ajax/libs/jquery/3.6.0/jquery.min.js:2:29072
fire@https://ajax.googleapis.com/ajax/libs/jquery/3.6.0/jquery.min.js:2:29108
c@https://ajax.googleapis.com/ajax/libs/jquery/3.6.0/jquery.min.js:2:28327
fireWith@https://ajax.googleapis.com/ajax/libs/jquery/3.6.0/jquery.min.js:2:29072
ready@https://ajax.googleapis.com/ajax/libs/jquery/3.6.0/jquery.min.js:2:32045
B@https://ajax.googleapis.com/ajax/libs/jquery/3.6.0/jquery.min.js:2:31824
EventListener.handleEvent*@https://ajax.googleapis.com/ajax/libs/jquery/3.6.0/jquery.min.js:2:32193
@https://ajax.googleapis.com/ajax/libs/jquery/3.6.0/jquery.min.js:2:220
@https://ajax.googleapis.com/ajax/libs/jquery/3.6.0/jquery.min.js:2:225
 undefined
Updated first name successfully
Hovering and clicking "My account (logout)"...
Clicked "My account (logout)" -> a.icon-left.both.dropdown-item:has-text("Logout")
Logout verified successfully
]]>
</system-out>
</testcase>
</testsuite>
<testsuite name="tests/training/pom-loginfail.test.ts" timestamp="2025-11-13T16:55:35.166Z" hostname="Firefox" tests="1" failures="0" skipped="0" time="2.059" errors="0">
<testcase name="Login fails with invalid credentials (handles throttling)" classname="tests/training/pom-loginfail.test.ts" time="2.059">
<system-out>
<![CDATA[Login failed due to too many attempts. Account is temporarily locked.
]]>
</system-out>
</testcase>
</testsuite>
<testsuite name="tests/training/pom-loginsuccess.test.ts" timestamp="2025-11-13T16:55:35.166Z" hostname="Firefox" tests="1" failures="0" skipped="0" time="3.017" errors="0">
<testcase name="Login successful with valid credentials" classname="tests/training/pom-loginsuccess.test.ts" time="3.017">
</testcase>
</testsuite>
<testsuite name="tests/training/popup.test.ts" timestamp="2025-11-13T16:55:35.166Z" hostname="Firefox" tests="1" failures="0" skipped="0" time="5.857" errors="0">
<testcase name="Follow on Twitter popup test" classname="tests/training/popup.test.ts" time="5.857">
<system-out>
<![CDATA[Main page URL: https://www.lambdatest.com/selenium-playground/window-popup-modal-demo
Popup opened with URL: https://x.com/Lambdatesting
Popup redirected to URL: https://x.com/
]]>
</system-out>
</testcase>
</testsuite>
<testsuite name="tests/training/slider.test.ts" timestamp="2025-11-13T16:55:35.166Z" hostname="Firefox" tests="1" failures="0" skipped="0" time="3.952" errors="0">
<testcase name="Test Scenario 2 - Drag &amp; Drop Sliders Demo (robust)" classname="tests/training/slider.test.ts" time="3.952">
</testcase>
</testsuite>
<testsuite name="tests/training/upload.test.ts" timestamp="2025-11-13T16:55:35.166Z" hostname="Firefox" tests="1" failures="0" skipped="0" time="1.571" errors="0">
<testcase name="File upload with multiple selection verification" classname="tests/training/upload.test.ts" time="1.571">
<system-out>
<![CDATA[Multiple selection enabled: true
Files selected
Files successfully displayed in upload list
]]>
</system-out>
</testcase>
</testsuite>
</testsuites>