<testsuites id="" name="" tests="33" failures="5" skipped="0" errors="0" time="209.904927">
<testsuite name="tests/training/alerts.test.ts" timestamp="2025-11-13T17:42:29.607Z" hostname="WebKit" tests="1" failures="0" skipped="0" time="3.448" errors="0">
<testcase name="Bootstrap Modal Demo - should open modal, click Save Changes, and ensure it closes" classname="tests/training/alerts.test.ts" time="3.448">
</testcase>
</testsuite>
<testsuite name="tests/training/alerts1.test.ts" timestamp="2025-11-13T17:42:29.607Z" hostname="WebKit" tests="1" failures="0" skipped="0" time="1.237" errors="0">
<testcase name="handling alerts" classname="tests/training/alerts1.test.ts" time="1.237">
<system-out>
<![CDATA[I am an alert box!
]]>
</system-out>
</testcase>
</testsuite>
<testsuite name="tests/training/alerts2.test.ts" timestamp="2025-11-13T17:42:29.607Z" hostname="WebKit" tests="1" failures="0" skipped="0" time="1.14" errors="0">
<testcase name="handling alerts" classname="tests/training/alerts2.test.ts" time="1.14">
<system-out>
<![CDATA[Press a button!
]]>
</system-out>
</testcase>
</testsuite>
<testsuite name="tests/training/alerts3.test.ts" timestamp="2025-11-13T17:42:29.607Z" hostname="WebKit" tests="1" failures="0" skipped="0" time="1.311" errors="0">
<testcase name="Prompt dialog test" classname="tests/training/alerts3.test.ts" time="1.311">
<system-out>
<![CDATA[Prompt test completed, text verified on the page.
]]>
</system-out>
</testcase>
</testsuite>
<testsuite name="tests/training/basicInteractions.test.ts" timestamp="2025-11-13T17:42:29.607Z" hostname="WebKit" tests="1" failures="0" skipped="0" time="1.077" errors="0">
<testcase name="Checkbox" classname="tests/training/basicInteractions.test.ts" time="1.077">
</testcase>
</testsuite>
<testsuite name="tests/training/basicInteractions1.test.ts" timestamp="2025-11-13T17:42:29.607Z" hostname="WebKit" tests="2" failures="0" skipped="0" time="2.797" errors="0">
<testcase name="Interaction with inputs" classname="tests/training/basicInteractions1.test.ts" time="1.291">
<system-out>
<![CDATA[Please enter your Message
Before entering data: 
After entering data: Hi Sly
]]>
</system-out>
</testcase>
<testcase name="Sum" classname="tests/training/basicInteractions1.test.ts" time="1.506">
<system-out>
<![CDATA[667
]]>
</system-out>
</testcase>
</testsuite>
<testsuite name="tests/training/datafromjson.test.ts" timestamp="2025-11-13T17:42:29.607Z" hostname="WebKit" tests="1" failures="0" skipped="0" time="4.198" errors="0">
<testcase name="Wikipedia search for random ancient general - CI proof" classname="tests/training/datafromjson.test.ts" time="4.198">
<system-out>
<![CDATA[Searching for: Julius Caesar
Navigated to English Wikipedia
Filled search input with "Julius Caesar"
Search submitted
Verified page heading contains "Julius Caesar"
Verified URL contains "Julius_Caesar"
]]>
</system-out>
</testcase>
</testsuite>
<testsuite name="tests/training/date-calendar.test.ts" timestamp="2025-11-13T17:42:29.607Z" hostname="WebKit" tests="1" failures="0" skipped="0" time="1.841" errors="0">
<testcase name="Pick May 4th 2026 in jQuery UI Datepicker" classname="tests/training/date-calendar.test.ts" time="1.841">
</testcase>
</testsuite>
<testsuite name="tests/training/date-calendar2.test.ts" timestamp="2025-11-13T17:42:29.607Z" hostname="WebKit" tests="1" failures="0" skipped="0" time="1.214" errors="0">
<testcase name="Pick the 15th after clicking next 3 times" classname="tests/training/date-calendar2.test.ts" time="1.214">
<system-out>
<![CDATA[Selected date: 02/15/2026
]]>
</system-out>
</testcase>
</testsuite>
<testsuite name="tests/training/date-calendar3.test.ts" timestamp="2025-11-13T17:42:29.607Z" hostname="WebKit" tests="1" failures="0" skipped="0" time="2.833" errors="0">
<testcase name="Pick today, three years in the past" classname="tests/training/date-calendar3.test.ts" time="2.833">
<system-out>
<![CDATA[Selected date: 11/13/2022
]]>
</system-out>
</testcase>
</testsuite>
<testsuite name="tests/training/date-fill.test.ts" timestamp="2025-11-13T17:42:29.607Z" hostname="WebKit" tests="1" failures="0" skipped="0" time="6.045" errors="0">
<testcase name="Set birthday with fill and check displayed value (with 1s visual delays)" classname="tests/training/date-fill.test.ts" time="6.045">
</testcase>
</testsuite>
<testsuite name="tests/training/download.test.ts" timestamp="2025-11-13T17:42:29.607Z" hostname="WebKit" tests="1" failures="0" skipped="0" time="2.936" errors="0">
<testcase name="Generate and verify donwloaded file name" classname="tests/training/download.test.ts" time="2.936">
</testcase>
</testsuite>
<testsuite name="tests/training/download1.test.ts" timestamp="2025-11-13T17:42:29.607Z" hostname="WebKit" tests="1" failures="0" skipped="0" time="2.437" errors="0">
<testcase name="Generate and download file" classname="tests/training/download1.test.ts" time="2.437">
</testcase>
</testsuite>
<testsuite name="tests/training/download2.test.ts" timestamp="2025-11-13T17:42:29.607Z" hostname="WebKit" tests="1" failures="0" skipped="0" time="2.435" errors="0">
<testcase name="Generate, download, check, and delete file" classname="tests/training/download2.test.ts" time="2.435">
<system-out>
<![CDATA[Navigating to LambdaTest download page...
Typed text: "Test test test"
Button is now enabled
Clicked "Generate File"
Download link is visible
Download started for file: Lambdainfo.txt
File saved locally at: /Users/runner/work/Playwright-public/Playwright-public/tests/training/Lambdainfo.txt
Verified file name is: Lambdainfo.txt
File content:
Test test test
Verified content contains "Test test test"
Downloaded file deleted after test
]]>
</system-out>
</testcase>
</testsuite>
<testsuite name="tests/training/download3.test.ts" timestamp="2025-11-13T17:42:29.607Z" hostname="WebKit" tests="1" failures="0" skipped="0" time="2.582" errors="0">
<testcase name="Generate, download, and check file content" classname="tests/training/download3.test.ts" time="2.582">
<system-out>
<![CDATA[Navigating to LambdaTest download page...
Typed text: "Test test test"
Button is now enabled
Clicked "Generate File"
Download link is visible
Download started for file: Lambdainfo.txt
Verified file name is: Lambdainfo.txt
File content:
Test test test
Verified content contains "Test test test"
Download checked successfully, no file saved.
]]>
</system-out>
</testcase>
</testsuite>
<testsuite name="tests/training/dropdown.test.ts" timestamp="2025-11-13T17:42:29.607Z" hostname="WebKit" tests="1" failures="0" skipped="0" time="7.422" errors="0">
<testcase name="Dropdown search and select India (exact match)" classname="tests/training/dropdown.test.ts" time="7.422">
</testcase>
</testsuite>
<testsuite name="tests/training/dropdown1.test.ts" timestamp="2025-11-13T17:42:29.607Z" hostname="WebKit" tests="2" failures="1" skipped="0" time="34.45" errors="0">
<testcase name="Select Tuesday from dropdown" classname="tests/training/dropdown1.test.ts" time="4.204">
</testcase>
<testcase name="Select multiple states in order and verify displayed last selected text and first selected option" classname="tests/training/dropdown1.test.ts" time="30.246">
<failure message="dropdown1.test.ts:136:5 Select multiple states in order and verify displayed last selected text and first selected option" type="FAILURE">
<![CDATA[  [WebKit] › tests/training/dropdown1.test.ts:136:5 › Select multiple states in order and verify displayed last selected text and first selected option 

    Test timeout of 30000ms exceeded.

    Error: locator.click: Test timeout of 30000ms exceeded.
    Call log:
      - waiting for locator('#multi-select').locator('option[value="California"]')
        - locator resolved to <option value="California">California</option>
      - attempting click action
        - waiting for element to be visible, enabled and stable
        - element is visible, enabled and stable
        - scrolling into view if needed
        - element is not visible
      - retrying click action
        - waiting for element to be visible, enabled and stable
        - element is visible, enabled and stable
        - scrolling into view if needed
        - done scrolling
        - element is not visible
      - retrying click action
        - waiting 20ms
        2 × waiting for element to be visible, enabled and stable
          - element is visible, enabled and stable
          - scrolling into view if needed
          - done scrolling
          - element is not visible
        - retrying click action
          - waiting 100ms
        13 × waiting for element to be visible, enabled and stable
           - element is visible, enabled and stable
           - scrolling into view if needed
           - element is not visible
         - retrying click action
           - waiting 500ms
           - waiting for element to be visible, enabled and stable
           - element is visible, enabled and stable
           - scrolling into view if needed
           - done scrolling
           - element is not visible
         - retrying click action
           - waiting 500ms
           - waiting for element to be visible, enabled and stable
           - element is visible, enabled and stable
           - scrolling into view if needed
           - done scrolling
           - element is not visible
         - retrying click action
           - waiting 500ms
           - waiting for element to be visible, enabled and stable
           - element is visible, enabled and stable
           - scrolling into view if needed
           - done scrolling
           - element is not visible
         - retrying click action
           - waiting 500ms
        - waiting for element to be visible, enabled and stable
        - element is visible, enabled and stable
        - scrolling into view if needed
        - element is not visible
      - retrying click action
        - waiting 500ms
        - waiting for element to be visible, enabled and stable
        - element is visible, enabled and stable
        - scrolling into view if needed
        - done scrolling
        - element is not visible
      - retrying click action
        - waiting 500ms


      152 |   // Loop through each option and click it in the specified order
      153 |   for (const option of options) {
    > 154 |     await multiSelect.locator(`option[value="${option}"]`).click();
          |                                                            ^
      155 |   }
      156 |
      157 |   // Release the Control key after all selections
        at /Users/runner/work/Playwright-public/Playwright-public/tests/training/dropdown1.test.ts:154:60

    attachment #1: screenshot (image/png) ──────────────────────────────────────────────────────────
    test-results/tests-training-dropdown1-S-764a9-t-and-first-selected-option-WebKit/test-failed-1.png
    ────────────────────────────────────────────────────────────────────────────────────────────────

    attachment #2: video (video/webm) ──────────────────────────────────────────────────────────────
    test-results/tests-training-dropdown1-S-764a9-t-and-first-selected-option-WebKit/video.webm
    ────────────────────────────────────────────────────────────────────────────────────────────────

    Error Context: test-results/tests-training-dropdown1-S-764a9-t-and-first-selected-option-WebKit/error-context.md
]]>
</failure>
<system-out>
<![CDATA[
[[ATTACHMENT|../test-results/tests-training-dropdown1-S-764a9-t-and-first-selected-option-WebKit/test-failed-1.png]]

[[ATTACHMENT|../test-results/tests-training-dropdown1-S-764a9-t-and-first-selected-option-WebKit/video.webm]]

[[ATTACHMENT|../test-results/tests-training-dropdown1-S-764a9-t-and-first-selected-option-WebKit/error-context.md]]
]]>
</system-out>
</testcase>
</testsuite>
<testsuite name="tests/training/dropdown2.test.ts" timestamp="2025-11-13T17:42:29.607Z" hostname="WebKit" tests="2" failures="2" skipped="0" time="60.428" errors="0">
<testcase name="Select multiple states in order and verify displayed last selected text and first selected option" classname="tests/training/dropdown2.test.ts" time="30.202">
<failure message="dropdown2.test.ts:4:5 Select multiple states in order and verify displayed last selected text and first selected option" type="FAILURE">
<![CDATA[  [WebKit] › tests/training/dropdown2.test.ts:4:5 › Select multiple states in order and verify displayed last selected text and first selected option 

    Test timeout of 30000ms exceeded.

    Error: locator.click: Test timeout of 30000ms exceeded.
    Call log:
      - waiting for locator('#multi-select').locator('option[value="California"]')
        - locator resolved to <option value="California">California</option>
      - attempting click action
        - waiting for element to be visible, enabled and stable
        - element is visible, enabled and stable
        - scrolling into view if needed
        - element is not visible
      - retrying click action
        - waiting for element to be visible, enabled and stable
        - element is visible, enabled and stable
        - scrolling into view if needed
        - done scrolling
        - element is not visible
      - retrying click action
        - waiting 20ms
        2 × waiting for element to be visible, enabled and stable
          - element is visible, enabled and stable
          - scrolling into view if needed
          - done scrolling
          - element is not visible
        - retrying click action
          - waiting 100ms
        12 × waiting for element to be visible, enabled and stable
           - element is visible, enabled and stable
           - scrolling into view if needed
           - element is not visible
         - retrying click action
           - waiting 500ms
           - waiting for element to be visible, enabled and stable
           - element is visible, enabled and stable
           - scrolling into view if needed
           - done scrolling
           - element is not visible
         - retrying click action
           - waiting 500ms
           - waiting for element to be visible, enabled and stable
           - element is visible, enabled and stable
           - scrolling into view if needed
           - done scrolling
           - element is not visible
         - retrying click action
           - waiting 500ms
           - waiting for element to be visible, enabled and stable
           - element is visible, enabled and stable
           - scrolling into view if needed
           - done scrolling
           - element is not visible
         - retrying click action
           - waiting 500ms


      23 |   // Loop through each option and click it in the specified order
      24 |   for (const option of options) {
    > 25 |     await multiSelect.locator(`option[value="${option}"]`).click();
         |                                                            ^
      26 |     await page.waitForTimeout(500); // wait 0.5 seconds between clicks
      27 |   }
      28 |
        at /Users/runner/work/Playwright-public/Playwright-public/tests/training/dropdown2.test.ts:25:60

    attachment #1: screenshot (image/png) ──────────────────────────────────────────────────────────
    test-results/tests-training-dropdown2-S-99dfa-t-and-first-selected-option-WebKit/test-failed-1.png
    ────────────────────────────────────────────────────────────────────────────────────────────────

    attachment #2: video (video/webm) ──────────────────────────────────────────────────────────────
    test-results/tests-training-dropdown2-S-99dfa-t-and-first-selected-option-WebKit/video.webm
    ────────────────────────────────────────────────────────────────────────────────────────────────

    Error Context: test-results/tests-training-dropdown2-S-99dfa-t-and-first-selected-option-WebKit/error-context.md
]]>
</failure>
<system-out>
<![CDATA[
[[ATTACHMENT|../test-results/tests-training-dropdown2-S-99dfa-t-and-first-selected-option-WebKit/test-failed-1.png]]

[[ATTACHMENT|../test-results/tests-training-dropdown2-S-99dfa-t-and-first-selected-option-WebKit/video.webm]]

[[ATTACHMENT|../test-results/tests-training-dropdown2-S-99dfa-t-and-first-selected-option-WebKit/error-context.md]]
]]>
</system-out>
</testcase>
<testcase name="Select multiple states and verify first selected option first, then all selected" classname="tests/training/dropdown2.test.ts" time="30.226">
<failure message="dropdown2.test.ts:60:5 Select multiple states and verify first selected option first, then all selected" type="FAILURE">
<![CDATA[  [WebKit] › tests/training/dropdown2.test.ts:60:5 › Select multiple states and verify first selected option first, then all selected 

    Test timeout of 30000ms exceeded.

    Error: locator.click: Test timeout of 30000ms exceeded.
    Call log:
      - waiting for locator('#multi-select').locator('option[value="California"]')
        - locator resolved to <option value="California">California</option>
      - attempting click action
        - waiting for element to be visible, enabled and stable
        - element is visible, enabled and stable
        - scrolling into view if needed
        - element is not visible
      - retrying click action
        - waiting for element to be visible, enabled and stable
        - element is visible, enabled and stable
        - scrolling into view if needed
        - done scrolling
        - element is not visible
      - retrying click action
        - waiting 20ms
        2 × waiting for element to be visible, enabled and stable
          - element is visible, enabled and stable
          - scrolling into view if needed
          - done scrolling
          - element is not visible
        - retrying click action
          - waiting 100ms
        11 × waiting for element to be visible, enabled and stable
           - element is visible, enabled and stable
           - scrolling into view if needed
           - element is not visible
         - retrying click action
           - waiting 500ms
           - waiting for element to be visible, enabled and stable
           - element is visible, enabled and stable
           - scrolling into view if needed
           - done scrolling
           - element is not visible
         - retrying click action
           - waiting 500ms
           - waiting for element to be visible, enabled and stable
           - element is visible, enabled and stable
           - scrolling into view if needed
           - done scrolling
           - element is not visible
         - retrying click action
           - waiting 500ms
           - waiting for element to be visible, enabled and stable
           - element is visible, enabled and stable
           - scrolling into view if needed
           - done scrolling
           - element is not visible
         - retrying click action
           - waiting 500ms
        - waiting for element to be visible, enabled and stable
        - element is visible, enabled and stable
        - scrolling into view if needed
        2 × element is not visible
        - retrying click action
          - waiting 500ms
          - waiting for element to be visible, enabled and stable
          - element is visible, enabled and stable
          - scrolling into view if needed
          - done scrolling
        - element is not visible
      - retrying click action
        - waiting 500ms


      79 |   // Loop through each option and click it in the specified order
      80 |   for (const option of options) {
    > 81 |     await multiSelect.locator(`option[value="${option}"]`).click();
         |                                                            ^
      82 |     await page.waitForTimeout(500); // wait 0.5 seconds between clicks
      83 |   }
      84 |
        at /Users/runner/work/Playwright-public/Playwright-public/tests/training/dropdown2.test.ts:81:60

    attachment #1: screenshot (image/png) ──────────────────────────────────────────────────────────
    test-results/tests-training-dropdown2-S-f5907-ion-first-then-all-selected-WebKit/test-failed-1.png
    ────────────────────────────────────────────────────────────────────────────────────────────────

    attachment #2: video (video/webm) ──────────────────────────────────────────────────────────────
    test-results/tests-training-dropdown2-S-f5907-ion-first-then-all-selected-WebKit/video.webm
    ────────────────────────────────────────────────────────────────────────────────────────────────

    Error Context: test-results/tests-training-dropdown2-S-f5907-ion-first-then-all-selected-WebKit/error-context.md
]]>
</failure>
<system-out>
<![CDATA[
[[ATTACHMENT|../test-results/tests-training-dropdown2-S-f5907-ion-first-then-all-selected-WebKit/test-failed-1.png]]

[[ATTACHMENT|../test-results/tests-training-dropdown2-S-f5907-ion-first-then-all-selected-WebKit/video.webm]]

[[ATTACHMENT|../test-results/tests-training-dropdown2-S-f5907-ion-first-then-all-selected-WebKit/error-context.md]]
]]>
</system-out>
</testcase>
</testsuite>
<testsuite name="tests/training/example.spec.ts" timestamp="2025-11-13T17:42:29.607Z" hostname="WebKit" tests="2" failures="0" skipped="0" time="1.619" errors="0">
<testcase name="has title" classname="tests/training/example.spec.ts" time="0.78">
</testcase>
<testcase name="get started link" classname="tests/training/example.spec.ts" time="0.839">
</testcase>
</testsuite>
<testsuite name="tests/training/frames.test.ts" timestamp="2025-11-13T17:42:29.607Z" hostname="WebKit" tests="1" failures="0" skipped="0" time="4.968" errors="0">
<testcase name="Fill first name, last name, and email in separate frames" classname="tests/training/frames.test.ts" time="4.968">
<system-out>
<![CDATA[Number of frames: 27
]]>
</system-out>
</testcase>
</testsuite>
<testsuite name="tests/training/hoverusingfixture.test.ts" timestamp="2025-11-13T17:42:29.607Z" hostname="WebKit" tests="1" failures="0" skipped="0" time="2.844" errors="0">
<testcase name="Navigate via Mega Menu to Printer page" classname="tests/training/hoverusingfixture.test.ts" time="2.844">
<system-out>
<![CDATA[Hovering and clicking "Mega Menu -> Printer"...
Clicked "Mega Menu -> Printer" -> a[title="Printer"]
]]>
</system-out>
</testcase>
</testsuite>
<testsuite name="tests/training/login-logout-hiddencred.test.ts" timestamp="2025-11-13T17:42:29.607Z" hostname="WebKit" tests="1" failures="0" skipped="0" time="2.901" errors="0">
<testcase name="Login and Logout with hidden credentials" classname="tests/training/login-logout-hiddencred.test.ts" time="2.901">
</testcase>
</testsuite>
<testsuite name="tests/training/login-logout.test.ts" timestamp="2025-11-13T17:42:29.607Z" hostname="WebKit" tests="1" failures="0" skipped="0" time="3.027" errors="0">
<testcase name="Login/Logout" classname="tests/training/login-logout.test.ts" time="3.027">
</testcase>
</testsuite>
<testsuite name="tests/training/login-profileedit.test.ts" timestamp="2025-11-13T17:42:29.607Z" hostname="WebKit" tests="1" failures="1" skipped="0" time="30.473" errors="0">
<testcase name="Login, edit profile, and logout - CI-proof" classname="tests/training/login-profileedit.test.ts" time="30.473">
<failure message="login-profileedit.test.ts:10:5 Login, edit profile, and logout - CI-proof" type="FAILURE">
<![CDATA[  [WebKit] › tests/training/login-profileedit.test.ts:10:5 › Login, edit profile, and logout - CI-proof 

    Test timeout of 30000ms exceeded.

    Error: page.waitForTimeout: Target page, context or browser has been closed

       at tests/fixtures/hoverclickhelper.ts:34

      32 |           console.log(`Attempt ${attempt} failed for "${label}", retrying...`);
      33 |           if (attempt === 3) throw err;
    > 34 |           await page.waitForTimeout(1000);
         |                      ^
      35 |         }
      36 |       }
      37 |     });
        at /Users/runner/work/Playwright-public/Playwright-public/tests/fixtures/hoverclickhelper.ts:34:22
        at /Users/runner/work/Playwright-public/Playwright-public/tests/training/login-profileedit.test.ts:23:3

    attachment #1: screenshot (image/png) ──────────────────────────────────────────────────────────
    test-results/tests-training-login-profi-8a001-ofile-and-logout---CI-proof-WebKit/test-failed-1.png
    ────────────────────────────────────────────────────────────────────────────────────────────────

    attachment #2: video (video/webm) ──────────────────────────────────────────────────────────────
    test-results/tests-training-login-profi-8a001-ofile-and-logout---CI-proof-WebKit/video.webm
    ────────────────────────────────────────────────────────────────────────────────────────────────

    Error Context: test-results/tests-training-login-profi-8a001-ofile-and-logout---CI-proof-WebKit/error-context.md
]]>
</failure>
<system-out>
<![CDATA[Navigating to LambdaTest eCommerce playground...
Hovering and clicking "My account (login)"...
Attempt 1 failed for "My account (login)", retrying...
Attempt 2 failed for "My account (login)", retrying...

[[ATTACHMENT|../test-results/tests-training-login-profi-8a001-ofile-and-logout---CI-proof-WebKit/test-failed-1.png]]

[[ATTACHMENT|../test-results/tests-training-login-profi-8a001-ofile-and-logout---CI-proof-WebKit/video.webm]]

[[ATTACHMENT|../test-results/tests-training-login-profi-8a001-ofile-and-logout---CI-proof-WebKit/error-context.md]]
]]>
</system-out>
</testcase>
</testsuite>
<testsuite name="tests/training/pom-loginfail.test.ts" timestamp="2025-11-13T17:42:29.607Z" hostname="WebKit" tests="1" failures="0" skipped="0" time="1.756" errors="0">
<testcase name="Login fails with invalid credentials (handles throttling)" classname="tests/training/pom-loginfail.test.ts" time="1.756">
<system-out>
<![CDATA[Login failed due to too many attempts. Account is temporarily locked.
]]>
</system-out>
</testcase>
</testsuite>
<testsuite name="tests/training/pom-loginsuccess.test.ts" timestamp="2025-11-13T17:42:29.607Z" hostname="WebKit" tests="1" failures="0" skipped="0" time="2.161" errors="0">
<testcase name="Login successful with valid credentials" classname="tests/training/pom-loginsuccess.test.ts" time="2.161">
</testcase>
</testsuite>
<testsuite name="tests/training/popup.test.ts" timestamp="2025-11-13T17:42:29.607Z" hostname="WebKit" tests="1" failures="0" skipped="0" time="4.903" errors="0">
<testcase name="Follow on Twitter popup test" classname="tests/training/popup.test.ts" time="4.903">
<system-out>
<![CDATA[Main page URL: https://www.lambdatest.com/selenium-playground/window-popup-modal-demo
Popup opened with URL: https://x.com/Lambdatesting
Popup redirected to URL: https://x.com/
]]>
</system-out>
</testcase>
</testsuite>
<testsuite name="tests/training/slider.test.ts" timestamp="2025-11-13T17:42:29.607Z" hostname="WebKit" tests="1" failures="1" skipped="0" time="7.692" errors="0">
<testcase name="Test Scenario 2 - Drag &amp; Drop Sliders Demo (robust)" classname="tests/training/slider.test.ts" time="7.692">
<failure message="slider.test.ts:3:5 Test Scenario 2 - Drag &amp; Drop Sliders Demo (robust)" type="FAILURE">
<![CDATA[  [WebKit] › tests/training/slider.test.ts:3:5 › Test Scenario 2 - Drag & Drop Sliders Demo (robust) 

    Error: expect(locator).toHaveText(expected) failed

    Locator:  locator('#rangeSuccess')
    Expected: "95"
    Received: "15"
    Timeout:  5000ms

    Call log:
      - Expect "toHaveText" with timeout 5000ms
      - waiting for locator('#rangeSuccess')
        9 × locator resolved to <output id="rangeSuccess">15</output>
          - unexpected value "15"


      42 |
      43 |   // Validate that the output shows 95
    > 44 |   await expect(output).toHaveText('95');
         |                        ^
      45 | });
      46 |
        at /Users/runner/work/Playwright-public/Playwright-public/tests/training/slider.test.ts:44:24

    attachment #1: screenshot (image/png) ──────────────────────────────────────────────────────────
    test-results/tests-training-slider-Test-4f07f-g-Drop-Sliders-Demo-robust--WebKit/test-failed-1.png
    ────────────────────────────────────────────────────────────────────────────────────────────────

    attachment #2: video (video/webm) ──────────────────────────────────────────────────────────────
    test-results/tests-training-slider-Test-4f07f-g-Drop-Sliders-Demo-robust--WebKit/video.webm
    ────────────────────────────────────────────────────────────────────────────────────────────────

    Error Context: test-results/tests-training-slider-Test-4f07f-g-Drop-Sliders-Demo-robust--WebKit/error-context.md
]]>
</failure>
<system-out>
<![CDATA[
[[ATTACHMENT|../test-results/tests-training-slider-Test-4f07f-g-Drop-Sliders-Demo-robust--WebKit/test-failed-1.png]]

[[ATTACHMENT|../test-results/tests-training-slider-Test-4f07f-g-Drop-Sliders-Demo-robust--WebKit/video.webm]]

[[ATTACHMENT|../test-results/tests-training-slider-Test-4f07f-g-Drop-Sliders-Demo-robust--WebKit/error-context.md]]
]]>
</system-out>
</testcase>
</testsuite>
<testsuite name="tests/training/upload.test.ts" timestamp="2025-11-13T17:42:29.607Z" hostname="WebKit" tests="1" failures="0" skipped="0" time="1.261" errors="0">
<testcase name="File upload with multiple selection verification" classname="tests/training/upload.test.ts" time="1.261">
<system-out>
<![CDATA[Multiple selection enabled: true
Files selected
Files successfully displayed in upload list
]]>
</system-out>
</testcase>
</testsuite>
</testsuites>