<testsuites id="" name="" tests="33" failures="4" skipped="0" errors="0" time="229.962758">
<testsuite name="tests/training/alerts.test.ts" timestamp="2025-11-12T16:34:54.202Z" hostname="Chromium" tests="1" failures="1" skipped="0" time="12.388" errors="0">
<testcase name="Bootstrap Modal Demo - should open modal, click Save Changes, and ensure it closes" classname="tests/training/alerts.test.ts" time="12.388">
<failure message="alerts.test.ts:3:5 Bootstrap Modal Demo - should open modal, click Save Changes, and ensure it closes" type="FAILURE">
<![CDATA[  [Chromium] › tests/training/alerts.test.ts:3:5 › Bootstrap Modal Demo - should open modal, click Save Changes, and ensure it closes 

    Error: expect(locator).toBeHidden() failed

    Locator:  locator('#myModal')
    Expected: hidden
    Received: visible
    Timeout:  5000ms

    Call log:
      - Expect "toBeHidden" with timeout 5000ms
      - waiting for locator('#myModal')
        9 × locator resolved to <div id="myModal" role="dialog" aria-modal="true" class="modal fade show">…</div>
          - unexpected value "visible"


      19 |
      20 |   // --- Step 3: Assert that modal is closed ---
    > 21 |   await expect(modalDialog).toBeHidden();
         |                             ^
      22 | });
        at /Users/runner/work/Playwright-public/Playwright-public/tests/training/alerts.test.ts:21:29

    attachment #1: screenshot (image/png) ──────────────────────────────────────────────────────────
    test-results/tests-training-alerts-Boot-989b0-hanges-and-ensure-it-closes-Chromium/test-failed-1.png
    ────────────────────────────────────────────────────────────────────────────────────────────────

    attachment #2: video (video/webm) ──────────────────────────────────────────────────────────────
    test-results/tests-training-alerts-Boot-989b0-hanges-and-ensure-it-closes-Chromium/video.webm
    ────────────────────────────────────────────────────────────────────────────────────────────────

    Error Context: test-results/tests-training-alerts-Boot-989b0-hanges-and-ensure-it-closes-Chromium/error-context.md
]]>
</failure>
<system-out>
<![CDATA[
[[ATTACHMENT|../../test-results/tests-training-alerts-Boot-989b0-hanges-and-ensure-it-closes-Chromium/test-failed-1.png]]

[[ATTACHMENT|../../test-results/tests-training-alerts-Boot-989b0-hanges-and-ensure-it-closes-Chromium/video.webm]]

[[ATTACHMENT|../../test-results/tests-training-alerts-Boot-989b0-hanges-and-ensure-it-closes-Chromium/error-context.md]]
]]>
</system-out>
</testcase>
</testsuite>
<testsuite name="tests/training/alerts1.test.ts" timestamp="2025-11-12T16:34:54.202Z" hostname="Chromium" tests="1" failures="0" skipped="0" time="1.82" errors="0">
<testcase name="handling alerts" classname="tests/training/alerts1.test.ts" time="1.82">
<system-out>
<![CDATA[I am an alert box!
]]>
</system-out>
</testcase>
</testsuite>
<testsuite name="tests/training/alerts2.test.ts" timestamp="2025-11-12T16:34:54.202Z" hostname="Chromium" tests="1" failures="0" skipped="0" time="1.053" errors="0">
<testcase name="handling alerts" classname="tests/training/alerts2.test.ts" time="1.053">
<system-out>
<![CDATA[Press a button!
]]>
</system-out>
</testcase>
</testsuite>
<testsuite name="tests/training/alerts3.test.ts" timestamp="2025-11-12T16:34:54.202Z" hostname="Chromium" tests="1" failures="0" skipped="0" time="1.285" errors="0">
<testcase name="Prompt dialog test" classname="tests/training/alerts3.test.ts" time="1.285">
<system-out>
<![CDATA[Prompt test completed, text verified on the page.
]]>
</system-out>
</testcase>
</testsuite>
<testsuite name="tests/training/basicInteractions.test.ts" timestamp="2025-11-12T16:34:54.202Z" hostname="Chromium" tests="1" failures="0" skipped="0" time="1.448" errors="0">
<testcase name="Checkbox" classname="tests/training/basicInteractions.test.ts" time="1.448">
</testcase>
</testsuite>
<testsuite name="tests/training/basicInteractions1.test.ts" timestamp="2025-11-12T16:34:54.202Z" hostname="Chromium" tests="2" failures="0" skipped="0" time="3.681" errors="0">
<testcase name="Interaction with inputs" classname="tests/training/basicInteractions1.test.ts" time="1.611">
<system-out>
<![CDATA[Please enter your Message
Before entering data: 
After entering data: Hi Sly
]]>
</system-out>
</testcase>
<testcase name="Sum" classname="tests/training/basicInteractions1.test.ts" time="2.07">
<system-out>
<![CDATA[667
]]>
</system-out>
</testcase>
</testsuite>
<testsuite name="tests/training/datafromjson.test.ts" timestamp="2025-11-12T16:34:54.202Z" hostname="Chromium" tests="1" failures="0" skipped="0" time="2.221" errors="0">
<testcase name="Wikipedia search for random ancient general - CI proof" classname="tests/training/datafromjson.test.ts" time="2.221">
<system-out>
<![CDATA[Searching for: Scipio Africanus
Navigated to English Wikipedia
Filled search input with "Scipio Africanus"
Search submitted
Verified page heading contains "Scipio Africanus"
Verified URL contains "Scipio_Africanus"
]]>
</system-out>
</testcase>
</testsuite>
<testsuite name="tests/training/date-calendar.test.ts" timestamp="2025-11-12T16:34:54.202Z" hostname="Chromium" tests="1" failures="0" skipped="0" time="2.17" errors="0">
<testcase name="Pick May 4th 2026 in jQuery UI Datepicker" classname="tests/training/date-calendar.test.ts" time="2.17">
</testcase>
</testsuite>
<testsuite name="tests/training/date-calendar2.test.ts" timestamp="2025-11-12T16:34:54.202Z" hostname="Chromium" tests="1" failures="0" skipped="0" time="1.181" errors="0">
<testcase name="Pick the 15th after clicking next 3 times" classname="tests/training/date-calendar2.test.ts" time="1.181">
<system-out>
<![CDATA[Selected date: 02/15/2026
]]>
</system-out>
</testcase>
</testsuite>
<testsuite name="tests/training/date-calendar3.test.ts" timestamp="2025-11-12T16:34:54.202Z" hostname="Chromium" tests="1" failures="0" skipped="0" time="2.981" errors="0">
<testcase name="Pick today, three years in the past" classname="tests/training/date-calendar3.test.ts" time="2.981">
<system-out>
<![CDATA[Selected date: 11/12/2022
]]>
</system-out>
</testcase>
</testsuite>
<testsuite name="tests/training/date-fill.test.ts" timestamp="2025-11-12T16:34:54.202Z" hostname="Chromium" tests="1" failures="0" skipped="0" time="6.977" errors="0">
<testcase name="Set birthday with fill and check displayed value (with 1s visual delays)" classname="tests/training/date-fill.test.ts" time="6.977">
</testcase>
</testsuite>
<testsuite name="tests/training/download.test.ts" timestamp="2025-11-12T16:34:54.202Z" hostname="Chromium" tests="1" failures="0" skipped="0" time="3.061" errors="0">
<testcase name="Generate and verify donwloaded file name" classname="tests/training/download.test.ts" time="3.061">
</testcase>
</testsuite>
<testsuite name="tests/training/download1.test.ts" timestamp="2025-11-12T16:34:54.202Z" hostname="Chromium" tests="1" failures="0" skipped="0" time="2.492" errors="0">
<testcase name="Generate and download file" classname="tests/training/download1.test.ts" time="2.492">
</testcase>
</testsuite>
<testsuite name="tests/training/download2.test.ts" timestamp="2025-11-12T16:34:54.202Z" hostname="Chromium" tests="1" failures="0" skipped="0" time="2.478" errors="0">
<testcase name="Generate, download, check, and delete file" classname="tests/training/download2.test.ts" time="2.478">
<system-out>
<![CDATA[Navigating to LambdaTest download page...
Typed text: "Test test test"
Button is now enabled
Clicked "Generate File"
Download link is visible
Download started for file: Lambdainfo.txt
File saved locally at: /Users/runner/work/Playwright-public/Playwright-public/tests/training/Lambdainfo.txt
Verified file name is: Lambdainfo.txt
File content:
Test test test
Verified content contains "Test test test"
Downloaded file deleted after test
]]>
</system-out>
</testcase>
</testsuite>
<testsuite name="tests/training/download3.test.ts" timestamp="2025-11-12T16:34:54.202Z" hostname="Chromium" tests="1" failures="0" skipped="0" time="2.853" errors="0">
<testcase name="Generate, download, and check file content" classname="tests/training/download3.test.ts" time="2.853">
<system-out>
<![CDATA[Navigating to LambdaTest download page...
Typed text: "Test test test"
Button is now enabled
Clicked "Generate File"
Download link is visible
Download started for file: Lambdainfo.txt
Verified file name is: Lambdainfo.txt
File content:
Test test test
Verified content contains "Test test test"
Download checked successfully, no file saved.
]]>
</system-out>
</testcase>
</testsuite>
<testsuite name="tests/training/dropdown.test.ts" timestamp="2025-11-12T16:34:54.202Z" hostname="Chromium" tests="1" failures="0" skipped="0" time="7.643" errors="0">
<testcase name="Dropdown search and select India (exact match)" classname="tests/training/dropdown.test.ts" time="7.643">
</testcase>
</testsuite>
<testsuite name="tests/training/dropdown1.test.ts" timestamp="2025-11-12T16:34:54.202Z" hostname="Chromium" tests="2" failures="1" skipped="0" time="35.189" errors="0">
<testcase name="Select Tuesday from dropdown" classname="tests/training/dropdown1.test.ts" time="3.967">
</testcase>
<testcase name="Select multiple states in order and verify displayed last selected text and first selected option" classname="tests/training/dropdown1.test.ts" time="31.222">
<failure message="dropdown1.test.ts:136:5 Select multiple states in order and verify displayed last selected text and first selected option" type="FAILURE">
<![CDATA[  [Chromium] › tests/training/dropdown1.test.ts:136:5 › Select multiple states in order and verify displayed last selected text and first selected option 

    Error: expect(received).toBe(expected) // Object.is equality

    Expected: "California,Texas,New Jersey"
    Received: ""

      165 |
      166 |   // Strictly verify the displayed text exactly matches "California,Texas,New Jersey"
    > 167 |   expect(displayedText).toBe('California,Texas,New Jersey');
          |                         ^
      168 |
      169 |   // --- NEW SECTION: Check first selected option ---
      170 |
        at /Users/runner/work/Playwright-public/Playwright-public/tests/training/dropdown1.test.ts:167:25

    Tearing down "context" exceeded the test timeout of 30000ms.

    attachment #1: screenshot (image/png) ──────────────────────────────────────────────────────────
    test-results/tests-training-dropdown1-S-764a9-t-and-first-selected-option-Chromium/test-failed-1.png
    ────────────────────────────────────────────────────────────────────────────────────────────────

    Error Context: test-results/tests-training-dropdown1-S-764a9-t-and-first-selected-option-Chromium/error-context.md
]]>
</failure>
<system-out>
<![CDATA[
[[ATTACHMENT|../../test-results/tests-training-dropdown1-S-764a9-t-and-first-selected-option-Chromium/test-failed-1.png]]

[[ATTACHMENT|../../test-results/tests-training-dropdown1-S-764a9-t-and-first-selected-option-Chromium/error-context.md]]
]]>
</system-out>
</testcase>
</testsuite>
<testsuite name="tests/training/dropdown2.test.ts" timestamp="2025-11-12T16:34:54.202Z" hostname="Chromium" tests="2" failures="2" skipped="0" time="73.461" errors="0">
<testcase name="Select multiple states in order and verify displayed last selected text and first selected option" classname="tests/training/dropdown2.test.ts" time="37.186">
<failure message="dropdown2.test.ts:4:5 Select multiple states in order and verify displayed last selected text and first selected option" type="FAILURE">
<![CDATA[  [Chromium] › tests/training/dropdown2.test.ts:4:5 › Select multiple states in order and verify displayed last selected text and first selected option 

    Error: expect(received).toBe(expected) // Object.is equality

    Expected: "California,Texas,New Jersey"
    Received: ""

      40 |
      41 |   // Strictly verify the displayed text exactly matches "California,Texas,New Jersey"
    > 42 |   expect(displayedText).toBe('California,Texas,New Jersey');
         |                         ^
      43 |
      44 |   // --- Check first selected option ---
      45 |
        at /Users/runner/work/Playwright-public/Playwright-public/tests/training/dropdown2.test.ts:42:25

    Tearing down "context" exceeded the test timeout of 30000ms.

    attachment #1: screenshot (image/png) ──────────────────────────────────────────────────────────
    test-results/tests-training-dropdown2-S-99dfa-t-and-first-selected-option-Chromium/test-failed-1.png
    ────────────────────────────────────────────────────────────────────────────────────────────────

    Error Context: test-results/tests-training-dropdown2-S-99dfa-t-and-first-selected-option-Chromium/error-context.md
]]>
</failure>
<system-out>
<![CDATA[
[[ATTACHMENT|../../test-results/tests-training-dropdown2-S-99dfa-t-and-first-selected-option-Chromium/test-failed-1.png]]

[[ATTACHMENT|../../test-results/tests-training-dropdown2-S-99dfa-t-and-first-selected-option-Chromium/error-context.md]]
]]>
</system-out>
</testcase>
<testcase name="Select multiple states and verify first selected option first, then all selected" classname="tests/training/dropdown2.test.ts" time="36.275">
<failure message="dropdown2.test.ts:60:5 Select multiple states and verify first selected option first, then all selected" type="FAILURE">
<![CDATA[  [Chromium] › tests/training/dropdown2.test.ts:60:5 › Select multiple states and verify first selected option first, then all selected 

    Error: expect(received).toBe(expected) // Object.is equality

    Expected: "California"
    Received: ""

       98 |
       99 |   // Strictly verify it matches "California"
    > 100 |   expect(firstSelectedText).toBe('California');
          |                             ^
      101 |
      102 |   // --- Now check all selected options ---
      103 |
        at /Users/runner/work/Playwright-public/Playwright-public/tests/training/dropdown2.test.ts:100:29

    Tearing down "context" exceeded the test timeout of 30000ms.

    attachment #1: screenshot (image/png) ──────────────────────────────────────────────────────────
    test-results/tests-training-dropdown2-S-f5907-ion-first-then-all-selected-Chromium/test-failed-1.png
    ────────────────────────────────────────────────────────────────────────────────────────────────

    Error Context: test-results/tests-training-dropdown2-S-f5907-ion-first-then-all-selected-Chromium/error-context.md
]]>
</failure>
<system-out>
<![CDATA[
[[ATTACHMENT|../../test-results/tests-training-dropdown2-S-f5907-ion-first-then-all-selected-Chromium/test-failed-1.png]]

[[ATTACHMENT|../../test-results/tests-training-dropdown2-S-f5907-ion-first-then-all-selected-Chromium/error-context.md]]
]]>
</system-out>
</testcase>
</testsuite>
<testsuite name="tests/training/example.spec.ts" timestamp="2025-11-12T16:34:54.202Z" hostname="Chromium" tests="2" failures="0" skipped="0" time="4.116" errors="0">
<testcase name="has title" classname="tests/training/example.spec.ts" time="2.758">
</testcase>
<testcase name="get started link" classname="tests/training/example.spec.ts" time="1.358">
</testcase>
</testsuite>
<testsuite name="tests/training/frames.test.ts" timestamp="2025-11-12T16:34:54.202Z" hostname="Chromium" tests="1" failures="0" skipped="0" time="7.718" errors="0">
<testcase name="Fill first name, last name, and email in separate frames" classname="tests/training/frames.test.ts" time="7.718">
<system-out>
<![CDATA[Number of frames: 32
]]>
</system-out>
</testcase>
</testsuite>
<testsuite name="tests/training/hoverusingfixture.test.ts" timestamp="2025-11-12T16:34:54.202Z" hostname="Chromium" tests="1" failures="0" skipped="0" time="4.239" errors="0">
<testcase name="Navigate via Mega Menu to Printer page" classname="tests/training/hoverusingfixture.test.ts" time="4.239">
<system-out>
<![CDATA[Hovering and clicking "Mega Menu -> Printer"...
Clicked "Mega Menu -> Printer" -> a[title="Printer"]
]]>
</system-out>
</testcase>
</testsuite>
<testsuite name="tests/training/login-logout-hiddencred.test.ts" timestamp="2025-11-12T16:34:54.202Z" hostname="Chromium" tests="1" failures="0" skipped="0" time="3.64" errors="0">
<testcase name="Login and Logout with hidden credentials" classname="tests/training/login-logout-hiddencred.test.ts" time="3.64">
</testcase>
</testsuite>
<testsuite name="tests/training/login-logout.test.ts" timestamp="2025-11-12T16:34:54.202Z" hostname="Chromium" tests="1" failures="0" skipped="0" time="3.677" errors="0">
<testcase name="Login/Logout" classname="tests/training/login-logout.test.ts" time="3.677">
</testcase>
</testsuite>
<testsuite name="tests/training/login-profileedit.test.ts" timestamp="2025-11-12T16:34:54.202Z" hostname="Chromium" tests="1" failures="0" skipped="0" time="5.516" errors="0">
<testcase name="Login, edit profile, and logout - CI-proof" classname="tests/training/login-profileedit.test.ts" time="5.516">
<system-out>
<![CDATA[Navigating to LambdaTest eCommerce playground...
Hovering and clicking "My account (login)"...
Clicked "My account (login)" -> a:has-text("Login")
Logged in successfully
Updated first name successfully
Hovering and clicking "My account (logout)"...
Clicked "My account (logout)" -> a.icon-left.both.dropdown-item:has-text("Logout")
Logout verified successfully
]]>
</system-out>
</testcase>
</testsuite>
<testsuite name="tests/training/pom-loginfail.test.ts" timestamp="2025-11-12T16:34:54.202Z" hostname="Chromium" tests="1" failures="0" skipped="0" time="1.782" errors="0">
<testcase name="Login fails with invalid credentials (handles throttling)" classname="tests/training/pom-loginfail.test.ts" time="1.782">
<system-out>
<![CDATA[Login failed due to too many attempts. Account is temporarily locked.
]]>
</system-out>
</testcase>
</testsuite>
<testsuite name="tests/training/pom-loginsuccess.test.ts" timestamp="2025-11-12T16:34:54.202Z" hostname="Chromium" tests="1" failures="0" skipped="0" time="2.354" errors="0">
<testcase name="Login successful with valid credentials" classname="tests/training/pom-loginsuccess.test.ts" time="2.354">
</testcase>
</testsuite>
<testsuite name="tests/training/popup.test.ts" timestamp="2025-11-12T16:34:54.202Z" hostname="Chromium" tests="1" failures="0" skipped="0" time="9.017" errors="0">
<testcase name="Follow on Twitter popup test" classname="tests/training/popup.test.ts" time="9.017">
<system-out>
<![CDATA[Main page URL: https://www.lambdatest.com/selenium-playground/window-popup-modal-demo
Popup opened with URL: https://x.com/Lambdatesting
Popup redirected to URL: https://x.com/
]]>
</system-out>
</testcase>
</testsuite>
<testsuite name="tests/training/slider.test.ts" timestamp="2025-11-12T16:34:54.202Z" hostname="Chromium" tests="1" failures="0" skipped="0" time="1.838" errors="0">
<testcase name="Test Scenario 2 - Drag &amp; Drop Sliders Demo (robust)" classname="tests/training/slider.test.ts" time="1.838">
</testcase>
</testsuite>
<testsuite name="tests/training/upload.test.ts" timestamp="2025-11-12T16:34:54.202Z" hostname="Chromium" tests="1" failures="0" skipped="0" time="1.325" errors="0">
<testcase name="File upload with multiple selection verification" classname="tests/training/upload.test.ts" time="1.325">
<system-out>
<![CDATA[Multiple selection enabled: true
Files selected
Files successfully displayed in upload list
]]>
</system-out>
</testcase>
</testsuite>
</testsuites>