<testsuites id="" name="" tests="33" failures="1" skipped="0" errors="0" time="136.59004099999999">
<testsuite name="tests/training/alerts.test.ts" timestamp="2025-11-12T16:35:01.526Z" hostname="Firefox" tests="1" failures="0" skipped="0" time="4.765" errors="0">
<testcase name="Bootstrap Modal Demo - should open modal, click Save Changes, and ensure it closes" classname="tests/training/alerts.test.ts" time="4.765">
</testcase>
</testsuite>
<testsuite name="tests/training/alerts1.test.ts" timestamp="2025-11-12T16:35:01.526Z" hostname="Firefox" tests="1" failures="0" skipped="0" time="1.229" errors="0">
<testcase name="handling alerts" classname="tests/training/alerts1.test.ts" time="1.229">
<system-out>
<![CDATA[I am an alert box!
]]>
</system-out>
</testcase>
</testsuite>
<testsuite name="tests/training/alerts2.test.ts" timestamp="2025-11-12T16:35:01.526Z" hostname="Firefox" tests="1" failures="0" skipped="0" time="1.387" errors="0">
<testcase name="handling alerts" classname="tests/training/alerts2.test.ts" time="1.387">
<system-out>
<![CDATA[Press a button!
]]>
</system-out>
</testcase>
</testsuite>
<testsuite name="tests/training/alerts3.test.ts" timestamp="2025-11-12T16:35:01.526Z" hostname="Firefox" tests="1" failures="0" skipped="0" time="3.036" errors="0">
<testcase name="Prompt dialog test" classname="tests/training/alerts3.test.ts" time="3.036">
<system-out>
<![CDATA[Prompt test completed, text verified on the page.
]]>
</system-out>
</testcase>
</testsuite>
<testsuite name="tests/training/basicInteractions.test.ts" timestamp="2025-11-12T16:35:01.526Z" hostname="Firefox" tests="1" failures="0" skipped="0" time="1.426" errors="0">
<testcase name="Checkbox" classname="tests/training/basicInteractions.test.ts" time="1.426">
</testcase>
</testsuite>
<testsuite name="tests/training/basicInteractions1.test.ts" timestamp="2025-11-12T16:35:01.526Z" hostname="Firefox" tests="2" failures="0" skipped="0" time="5.686" errors="0">
<testcase name="Interaction with inputs" classname="tests/training/basicInteractions1.test.ts" time="1.612">
<system-out>
<![CDATA[Please enter your Message
Before entering data: 
After entering data: Hi Sly
]]>
</system-out>
</testcase>
<testcase name="Sum" classname="tests/training/basicInteractions1.test.ts" time="4.074">
<system-out>
<![CDATA[667
]]>
</system-out>
</testcase>
</testsuite>
<testsuite name="tests/training/datafromjson.test.ts" timestamp="2025-11-12T16:35:01.526Z" hostname="Firefox" tests="1" failures="0" skipped="0" time="3.994" errors="0">
<testcase name="Wikipedia search for random ancient general - CI proof" classname="tests/training/datafromjson.test.ts" time="3.994">
<system-out>
<![CDATA[Searching for: Hannibal
Navigated to English Wikipedia
Filled search input with "Hannibal"
Search submitted
Verified page heading contains "Hannibal"
Verified URL contains "Hannibal"
]]>
</system-out>
</testcase>
</testsuite>
<testsuite name="tests/training/date-calendar.test.ts" timestamp="2025-11-12T16:35:01.526Z" hostname="Firefox" tests="1" failures="0" skipped="0" time="3.461" errors="0">
<testcase name="Pick May 4th 2026 in jQuery UI Datepicker" classname="tests/training/date-calendar.test.ts" time="3.461">
</testcase>
</testsuite>
<testsuite name="tests/training/date-calendar2.test.ts" timestamp="2025-11-12T16:35:01.526Z" hostname="Firefox" tests="1" failures="0" skipped="0" time="2.017" errors="0">
<testcase name="Pick the 15th after clicking next 3 times" classname="tests/training/date-calendar2.test.ts" time="2.017">
<system-out>
<![CDATA[Selected date: 02/15/2026
]]>
</system-out>
</testcase>
</testsuite>
<testsuite name="tests/training/date-calendar3.test.ts" timestamp="2025-11-12T16:35:01.526Z" hostname="Firefox" tests="1" failures="0" skipped="0" time="5.779" errors="0">
<testcase name="Pick today, three years in the past" classname="tests/training/date-calendar3.test.ts" time="5.779">
<system-out>
<![CDATA[Selected date: 11/12/2022
]]>
</system-out>
</testcase>
</testsuite>
<testsuite name="tests/training/date-fill.test.ts" timestamp="2025-11-12T16:35:01.526Z" hostname="Firefox" tests="1" failures="0" skipped="0" time="7.278" errors="0">
<testcase name="Set birthday with fill and check displayed value (with 1s visual delays)" classname="tests/training/date-fill.test.ts" time="7.278">
</testcase>
</testsuite>
<testsuite name="tests/training/download.test.ts" timestamp="2025-11-12T16:35:01.526Z" hostname="Firefox" tests="1" failures="0" skipped="0" time="3.754" errors="0">
<testcase name="Generate and verify donwloaded file name" classname="tests/training/download.test.ts" time="3.754">
</testcase>
</testsuite>
<testsuite name="tests/training/download1.test.ts" timestamp="2025-11-12T16:35:01.526Z" hostname="Firefox" tests="1" failures="0" skipped="0" time="3.545" errors="0">
<testcase name="Generate and download file" classname="tests/training/download1.test.ts" time="3.545">
</testcase>
</testsuite>
<testsuite name="tests/training/download2.test.ts" timestamp="2025-11-12T16:35:01.526Z" hostname="Firefox" tests="1" failures="0" skipped="0" time="3.547" errors="0">
<testcase name="Generate, download, check, and delete file" classname="tests/training/download2.test.ts" time="3.547">
<system-out>
<![CDATA[Navigating to LambdaTest download page...
Typed text: "Test test test"
Button is now enabled
Clicked "Generate File"
Download link is visible
Download started for file: Lambdainfo.txt
File saved locally at: /Users/runner/work/Playwright-public/Playwright-public/tests/training/Lambdainfo.txt
Verified file name is: Lambdainfo.txt
File content:
Test test test
Verified content contains "Test test test"
Downloaded file deleted after test
]]>
</system-out>
</testcase>
</testsuite>
<testsuite name="tests/training/download3.test.ts" timestamp="2025-11-12T16:35:01.526Z" hostname="Firefox" tests="1" failures="0" skipped="0" time="3.52" errors="0">
<testcase name="Generate, download, and check file content" classname="tests/training/download3.test.ts" time="3.52">
<system-out>
<![CDATA[Navigating to LambdaTest download page...
Typed text: "Test test test"
Button is now enabled
Clicked "Generate File"
Download link is visible
Download started for file: Lambdainfo.txt
Verified file name is: Lambdainfo.txt
File content:
Test test test
Verified content contains "Test test test"
Download checked successfully, no file saved.
]]>
</system-out>
</testcase>
</testsuite>
<testsuite name="tests/training/dropdown.test.ts" timestamp="2025-11-12T16:35:01.526Z" hostname="Firefox" tests="1" failures="0" skipped="0" time="9.103" errors="0">
<testcase name="Dropdown search and select India (exact match)" classname="tests/training/dropdown.test.ts" time="9.103">
</testcase>
</testsuite>
<testsuite name="tests/training/dropdown1.test.ts" timestamp="2025-11-12T16:35:01.526Z" hostname="Firefox" tests="2" failures="0" skipped="0" time="7.158" errors="0">
<testcase name="Select Tuesday from dropdown" classname="tests/training/dropdown1.test.ts" time="4.647">
</testcase>
<testcase name="Select multiple states in order and verify displayed last selected text and first selected option" classname="tests/training/dropdown1.test.ts" time="2.511">
</testcase>
</testsuite>
<testsuite name="tests/training/dropdown2.test.ts" timestamp="2025-11-12T16:35:01.526Z" hostname="Firefox" tests="2" failures="0" skipped="0" time="15.169" errors="0">
<testcase name="Select multiple states in order and verify displayed last selected text and first selected option" classname="tests/training/dropdown2.test.ts" time="7.49">
</testcase>
<testcase name="Select multiple states and verify first selected option first, then all selected" classname="tests/training/dropdown2.test.ts" time="7.679">
</testcase>
</testsuite>
<testsuite name="tests/training/example.spec.ts" timestamp="2025-11-12T16:35:01.526Z" hostname="Firefox" tests="2" failures="0" skipped="0" time="1.835" errors="0">
<testcase name="has title" classname="tests/training/example.spec.ts" time="0.861">
</testcase>
<testcase name="get started link" classname="tests/training/example.spec.ts" time="0.974">
</testcase>
</testsuite>
<testsuite name="tests/training/frames.test.ts" timestamp="2025-11-12T16:35:01.526Z" hostname="Firefox" tests="1" failures="0" skipped="0" time="7.992" errors="0">
<testcase name="Fill first name, last name, and email in separate frames" classname="tests/training/frames.test.ts" time="7.992">
<system-out>
<![CDATA[Number of frames: 20
]]>
</system-out>
</testcase>
</testsuite>
<testsuite name="tests/training/hoverusingfixture.test.ts" timestamp="2025-11-12T16:35:01.526Z" hostname="Firefox" tests="1" failures="0" skipped="0" time="5.517" errors="0">
<testcase name="Navigate via Mega Menu to Printer page" classname="tests/training/hoverusingfixture.test.ts" time="5.517">
<system-out>
<![CDATA[Hovering and clicking "Mega Menu -> Printer"...
Clicked "Mega Menu -> Printer" -> a[title="Printer"]
]]>
</system-out>
</testcase>
</testsuite>
<testsuite name="tests/training/login-logout-hiddencred.test.ts" timestamp="2025-11-12T16:35:01.526Z" hostname="Firefox" tests="1" failures="0" skipped="0" time="4.471" errors="0">
<testcase name="Login and Logout with hidden credentials" classname="tests/training/login-logout-hiddencred.test.ts" time="4.471">
</testcase>
</testsuite>
<testsuite name="tests/training/login-logout.test.ts" timestamp="2025-11-12T16:35:01.526Z" hostname="Firefox" tests="1" failures="0" skipped="0" time="4.536" errors="0">
<testcase name="Login/Logout" classname="tests/training/login-logout.test.ts" time="4.536">
</testcase>
</testsuite>
<testsuite name="tests/training/login-profileedit.test.ts" timestamp="2025-11-12T16:35:01.526Z" hostname="Firefox" tests="1" failures="0" skipped="0" time="5.935" errors="0">
<testcase name="Login, edit profile, and logout - CI-proof" classname="tests/training/login-profileedit.test.ts" time="5.935">
<system-out>
<![CDATA[Navigating to LambdaTest eCommerce playground...
Hovering and clicking "My account (login)"...
Clicked "My account (login)" -> a:has-text("Login")
Logged in successfully
Updated first name successfully
Hovering and clicking "My account (logout)"...
Clicked "My account (logout)" -> a.icon-left.both.dropdown-item:has-text("Logout")
Logout verified successfully
]]>
</system-out>
</testcase>
</testsuite>
<testsuite name="tests/training/pom-loginfail.test.ts" timestamp="2025-11-12T16:35:01.526Z" hostname="Firefox" tests="1" failures="0" skipped="0" time="1.78" errors="0">
<testcase name="Login fails with invalid credentials (handles throttling)" classname="tests/training/pom-loginfail.test.ts" time="1.78">
<system-out>
<![CDATA[Login failed due to too many attempts. Account is temporarily locked.
]]>
</system-out>
</testcase>
</testsuite>
<testsuite name="tests/training/pom-loginsuccess.test.ts" timestamp="2025-11-12T16:35:01.526Z" hostname="Firefox" tests="1" failures="0" skipped="0" time="1.853" errors="0">
<testcase name="Login successful with valid credentials" classname="tests/training/pom-loginsuccess.test.ts" time="1.853">
</testcase>
</testsuite>
<testsuite name="tests/training/popup.test.ts" timestamp="2025-11-12T16:35:01.526Z" hostname="Firefox" tests="1" failures="0" skipped="0" time="4.703" errors="0">
<testcase name="Follow on Twitter popup test" classname="tests/training/popup.test.ts" time="4.703">
<system-out>
<![CDATA[Main page URL: https://www.lambdatest.com/selenium-playground/window-popup-modal-demo
Popup opened with URL: https://x.com/Lambdatesting
Popup redirected to URL: https://x.com/
]]>
</system-out>
</testcase>
</testsuite>
<testsuite name="tests/training/slider.test.ts" timestamp="2025-11-12T16:35:01.526Z" hostname="Firefox" tests="1" failures="1" skipped="0" time="1.528" errors="0">
<testcase name="Test Scenario 2 - Drag &amp; Drop Sliders Demo (robust)" classname="tests/training/slider.test.ts" time="1.528">
<failure message="slider.test.ts:3:5 Test Scenario 2 - Drag &amp; Drop Sliders Demo (robust)" type="FAILURE">
<![CDATA[  [Firefox] › tests/training/slider.test.ts:3:5 › Test Scenario 2 - Drag & Drop Sliders Demo (robust) 

    Error: locator.scrollIntoViewIfNeeded: Element is not attached to the DOM
    Call log:
      - attempting scroll into view action
        - waiting for element to be stable


      18 |
      19 |   // Scroll slider into view
    > 20 |   await slider.scrollIntoViewIfNeeded();
         |                ^
      21 |
      22 |   // Optional small delay to allow page JS to attach listeners
      23 |   await page.waitForTimeout(300);
        at /Users/runner/work/Playwright-public/Playwright-public/tests/training/slider.test.ts:20:16

    attachment #1: screenshot (image/png) ──────────────────────────────────────────────────────────
    test-results/tests-training-slider-Test-4f07f-g-Drop-Sliders-Demo-robust--Firefox/test-failed-1.png
    ────────────────────────────────────────────────────────────────────────────────────────────────

    attachment #2: video (video/webm) ──────────────────────────────────────────────────────────────
    test-results/tests-training-slider-Test-4f07f-g-Drop-Sliders-Demo-robust--Firefox/video.webm
    ────────────────────────────────────────────────────────────────────────────────────────────────

    Error Context: test-results/tests-training-slider-Test-4f07f-g-Drop-Sliders-Demo-robust--Firefox/error-context.md
]]>
</failure>
<system-out>
<![CDATA[
[[ATTACHMENT|../../test-results/tests-training-slider-Test-4f07f-g-Drop-Sliders-Demo-robust--Firefox/test-failed-1.png]]

[[ATTACHMENT|../../test-results/tests-training-slider-Test-4f07f-g-Drop-Sliders-Demo-robust--Firefox/video.webm]]

[[ATTACHMENT|../../test-results/tests-training-slider-Test-4f07f-g-Drop-Sliders-Demo-robust--Firefox/error-context.md]]
]]>
</system-out>
</testcase>
</testsuite>
<testsuite name="tests/training/upload.test.ts" timestamp="2025-11-12T16:35:01.526Z" hostname="Firefox" tests="1" failures="0" skipped="0" time="2.481" errors="0">
<testcase name="File upload with multiple selection verification" classname="tests/training/upload.test.ts" time="2.481">
<system-out>
<![CDATA[Multiple selection enabled: true
Files selected
Files successfully displayed in upload list
]]>
</system-out>
</testcase>
</testsuite>
</testsuites>