<testsuites id="" name="" tests="33" failures="1" skipped="0" errors="0" time="58.732229">
<testsuite name="tests\training\alerts.test.ts" timestamp="2025-11-13T16:57:35.567Z" hostname="Chromium" tests="1" failures="0" skipped="0" time="4.629" errors="0">
<testcase name="Bootstrap Modal Demo - should open modal, click Save Changes, and ensure it closes" classname="tests\training\alerts.test.ts" time="4.629">
</testcase>
</testsuite>
<testsuite name="tests\training\alerts1.test.ts" timestamp="2025-11-13T16:57:35.567Z" hostname="Chromium" tests="1" failures="0" skipped="0" time="4.036" errors="0">
<testcase name="handling alerts" classname="tests\training\alerts1.test.ts" time="4.036">
<system-out>
<![CDATA[I am an alert box!
]]>
</system-out>
</testcase>
</testsuite>
<testsuite name="tests\training\alerts2.test.ts" timestamp="2025-11-13T16:57:35.567Z" hostname="Chromium" tests="1" failures="0" skipped="0" time="1.55" errors="0">
<testcase name="handling alerts" classname="tests\training\alerts2.test.ts" time="1.55">
<system-out>
<![CDATA[Press a button!
]]>
</system-out>
</testcase>
</testsuite>
<testsuite name="tests\training\alerts3.test.ts" timestamp="2025-11-13T16:57:35.567Z" hostname="Chromium" tests="1" failures="0" skipped="0" time="1.277" errors="0">
<testcase name="Prompt dialog test" classname="tests\training\alerts3.test.ts" time="1.277">
<system-out>
<![CDATA[Prompt test completed, text verified on the page.
]]>
</system-out>
</testcase>
</testsuite>
<testsuite name="tests\training\basicInteractions.test.ts" timestamp="2025-11-13T16:57:35.567Z" hostname="Chromium" tests="1" failures="0" skipped="0" time="1.404" errors="0">
<testcase name="Checkbox" classname="tests\training\basicInteractions.test.ts" time="1.404">
</testcase>
</testsuite>
<testsuite name="tests\training\basicInteractions1.test.ts" timestamp="2025-11-13T16:57:35.567Z" hostname="Chromium" tests="2" failures="0" skipped="0" time="2.548" errors="0">
<testcase name="Interaction with inputs" classname="tests\training\basicInteractions1.test.ts" time="1.253">
<system-out>
<![CDATA[Please enter your Message
Before entering data: 
After entering data: Hi Sly
]]>
</system-out>
</testcase>
<testcase name="Sum" classname="tests\training\basicInteractions1.test.ts" time="1.295">
<system-out>
<![CDATA[667
]]>
</system-out>
</testcase>
</testsuite>
<testsuite name="tests\training\datafromjson.test.ts" timestamp="2025-11-13T16:57:35.567Z" hostname="Chromium" tests="1" failures="0" skipped="0" time="3.24" errors="0">
<testcase name="Wikipedia search for random ancient general - CI proof" classname="tests\training\datafromjson.test.ts" time="3.24">
<system-out>
<![CDATA[Searching for: Spartacus
Navigated to English Wikipedia
Filled search input with "Spartacus"
Search submitted
Verified page heading contains "Spartacus"
Verified URL contains "Spartacus"
]]>
</system-out>
</testcase>
</testsuite>
<testsuite name="tests\training\date-calendar.test.ts" timestamp="2025-11-13T16:57:35.567Z" hostname="Chromium" tests="1" failures="0" skipped="0" time="1.93" errors="0">
<testcase name="Pick May 4th 2026 in jQuery UI Datepicker" classname="tests\training\date-calendar.test.ts" time="1.93">
</testcase>
</testsuite>
<testsuite name="tests\training\date-calendar2.test.ts" timestamp="2025-11-13T16:57:35.567Z" hostname="Chromium" tests="1" failures="0" skipped="0" time="1.813" errors="0">
<testcase name="Pick the 15th after clicking next 3 times" classname="tests\training\date-calendar2.test.ts" time="1.813">
<system-out>
<![CDATA[Selected date: 02/15/2026
]]>
</system-out>
</testcase>
</testsuite>
<testsuite name="tests\training\date-calendar3.test.ts" timestamp="2025-11-13T16:57:35.567Z" hostname="Chromium" tests="1" failures="0" skipped="0" time="4.098" errors="0">
<testcase name="Pick today, three years in the past" classname="tests\training\date-calendar3.test.ts" time="4.098">
<system-out>
<![CDATA[Selected date: 11/13/2022
]]>
</system-out>
</testcase>
</testsuite>
<testsuite name="tests\training\date-fill.test.ts" timestamp="2025-11-13T16:57:35.567Z" hostname="Chromium" tests="1" failures="0" skipped="0" time="6.97" errors="0">
<testcase name="Set birthday with fill and check displayed value (with 1s visual delays)" classname="tests\training\date-fill.test.ts" time="6.97">
</testcase>
</testsuite>
<testsuite name="tests\training\download.test.ts" timestamp="2025-11-13T16:57:35.567Z" hostname="Chromium" tests="1" failures="0" skipped="0" time="2.46" errors="0">
<testcase name="Generate and verify donwloaded file name" classname="tests\training\download.test.ts" time="2.46">
</testcase>
</testsuite>
<testsuite name="tests\training\download1.test.ts" timestamp="2025-11-13T16:57:35.567Z" hostname="Chromium" tests="1" failures="0" skipped="0" time="2.507" errors="0">
<testcase name="Generate and download file" classname="tests\training\download1.test.ts" time="2.507">
</testcase>
</testsuite>
<testsuite name="tests\training\download2.test.ts" timestamp="2025-11-13T16:57:35.567Z" hostname="Chromium" tests="1" failures="0" skipped="0" time="3.562" errors="0">
<testcase name="Generate, download, check, and delete file" classname="tests\training\download2.test.ts" time="3.562">
<system-out>
<![CDATA[Navigating to LambdaTest download page...
Typed text: "Test test test"
Button is now enabled
Clicked "Generate File"
Download link is visible
Download started for file: Lambdainfo.txt
File saved locally at: D:\a\Playwright-public\Playwright-public\tests\training\Lambdainfo.txt
Verified file name is: Lambdainfo.txt
File content:
Test test test
Verified content contains "Test test test"
Downloaded file deleted after test
]]>
</system-out>
</testcase>
</testsuite>
<testsuite name="tests\training\download3.test.ts" timestamp="2025-11-13T16:57:35.567Z" hostname="Chromium" tests="1" failures="0" skipped="0" time="3.231" errors="0">
<testcase name="Generate, download, and check file content" classname="tests\training\download3.test.ts" time="3.231">
<system-out>
<![CDATA[Navigating to LambdaTest download page...
Typed text: "Test test test"
Button is now enabled
Clicked "Generate File"
Download link is visible
Download started for file: Lambdainfo.txt
Verified file name is: Lambdainfo.txt
File content:
Test test test
Verified content contains "Test test test"
Download checked successfully, no file saved.
]]>
</system-out>
</testcase>
</testsuite>
<testsuite name="tests\training\dropdown.test.ts" timestamp="2025-11-13T16:57:35.567Z" hostname="Chromium" tests="1" failures="0" skipped="0" time="7.921" errors="0">
<testcase name="Dropdown search and select India (exact match)" classname="tests\training\dropdown.test.ts" time="7.921">
</testcase>
</testsuite>
<testsuite name="tests\training\dropdown1.test.ts" timestamp="2025-11-13T16:57:35.567Z" hostname="Chromium" tests="2" failures="0" skipped="0" time="5.603" errors="0">
<testcase name="Select Tuesday from dropdown" classname="tests\training\dropdown1.test.ts" time="4.426">
</testcase>
<testcase name="Select multiple states in order and verify displayed last selected text and first selected option" classname="tests\training\dropdown1.test.ts" time="1.177">
</testcase>
</testsuite>
<testsuite name="tests\training\dropdown2.test.ts" timestamp="2025-11-13T16:57:35.567Z" hostname="Chromium" tests="2" failures="0" skipped="0" time="14.695" errors="0">
<testcase name="Select multiple states in order and verify displayed last selected text and first selected option" classname="tests\training\dropdown2.test.ts" time="7.515">
</testcase>
<testcase name="Select multiple states and verify first selected option first, then all selected" classname="tests\training\dropdown2.test.ts" time="7.18">
</testcase>
</testsuite>
<testsuite name="tests\training\example.spec.ts" timestamp="2025-11-13T16:57:35.567Z" hostname="Chromium" tests="2" failures="0" skipped="0" time="1.623" errors="0">
<testcase name="has title" classname="tests\training\example.spec.ts" time="0.694">
</testcase>
<testcase name="get started link" classname="tests\training\example.spec.ts" time="0.929">
</testcase>
</testsuite>
<testsuite name="tests\training\frames.test.ts" timestamp="2025-11-13T16:57:35.567Z" hostname="Chromium" tests="1" failures="0" skipped="0" time="3.489" errors="0">
<testcase name="Fill first name, last name, and email in separate frames" classname="tests\training\frames.test.ts" time="3.489">
<system-out>
<![CDATA[Number of frames: 21
]]>
</system-out>
</testcase>
</testsuite>
<testsuite name="tests\training\hoverusingfixture.test.ts" timestamp="2025-11-13T16:57:35.567Z" hostname="Chromium" tests="1" failures="0" skipped="0" time="3.49" errors="0">
<testcase name="Navigate via Mega Menu to Printer page" classname="tests\training\hoverusingfixture.test.ts" time="3.49">
<system-out>
<![CDATA[Hovering and clicking "Mega Menu -> Printer"...
Clicked "Mega Menu -> Printer" -> a[title="Printer"]
]]>
</system-out>
</testcase>
</testsuite>
<testsuite name="tests\training\login-logout-hiddencred.test.ts" timestamp="2025-11-13T16:57:35.567Z" hostname="Chromium" tests="1" failures="0" skipped="0" time="3.571" errors="0">
<testcase name="Login and Logout with hidden credentials" classname="tests\training\login-logout-hiddencred.test.ts" time="3.571">
</testcase>
</testsuite>
<testsuite name="tests\training\login-logout.test.ts" timestamp="2025-11-13T16:57:35.567Z" hostname="Chromium" tests="1" failures="0" skipped="0" time="3.934" errors="0">
<testcase name="Login/Logout" classname="tests\training\login-logout.test.ts" time="3.934">
</testcase>
</testsuite>
<testsuite name="tests\training\login-profileedit.test.ts" timestamp="2025-11-13T16:57:35.567Z" hostname="Chromium" tests="1" failures="0" skipped="0" time="5.672" errors="0">
<testcase name="Login, edit profile, and logout - CI-proof" classname="tests\training\login-profileedit.test.ts" time="5.672">
<system-out>
<![CDATA[Navigating to LambdaTest eCommerce playground...
Hovering and clicking "My account (login)"...
Clicked "My account (login)" -> a:has-text("Login")
Logged in successfully
Updated first name successfully
Hovering and clicking "My account (logout)"...
Clicked "My account (logout)" -> a.icon-left.both.dropdown-item:has-text("Logout")
Logout verified successfully
]]>
</system-out>
</testcase>
</testsuite>
<testsuite name="tests\training\pom-loginfail.test.ts" timestamp="2025-11-13T16:57:35.567Z" hostname="Chromium" tests="1" failures="0" skipped="0" time="1.458" errors="0">
<testcase name="Login fails with invalid credentials (handles throttling)" classname="tests\training\pom-loginfail.test.ts" time="1.458">
<system-out>
<![CDATA[Login failed due to too many attempts. Account is temporarily locked.
]]>
</system-out>
</testcase>
</testsuite>
<testsuite name="tests\training\pom-loginsuccess.test.ts" timestamp="2025-11-13T16:57:35.567Z" hostname="Chromium" tests="1" failures="0" skipped="0" time="2.882" errors="0">
<testcase name="Login successful with valid credentials" classname="tests\training\pom-loginsuccess.test.ts" time="2.882">
</testcase>
</testsuite>
<testsuite name="tests\training\popup.test.ts" timestamp="2025-11-13T16:57:35.567Z" hostname="Chromium" tests="1" failures="0" skipped="0" time="5.866" errors="0">
<testcase name="Follow on Twitter popup test" classname="tests\training\popup.test.ts" time="5.866">
<system-out>
<![CDATA[Main page URL: https://www.lambdatest.com/selenium-playground/window-popup-modal-demo
Popup opened with URL: https://x.com/Lambdatesting
Popup redirected to URL: https://x.com/
]]>
</system-out>
</testcase>
</testsuite>
<testsuite name="tests\training\slider.test.ts" timestamp="2025-11-13T16:57:35.567Z" hostname="Chromium" tests="1" failures="1" skipped="0" time="1.536" errors="0">
<testcase name="Test Scenario 2 - Drag &amp; Drop Sliders Demo (robust)" classname="tests\training\slider.test.ts" time="1.536">
<failure message="slider.test.ts:3:5 Test Scenario 2 - Drag &amp; Drop Sliders Demo (robust)" type="FAILURE">
<![CDATA[  [Chromium] › tests\training\slider.test.ts:3:5 › Test Scenario 2 - Drag & Drop Sliders Demo (robust) 

    Error: locator.scrollIntoViewIfNeeded: Element is not attached to the DOM
    Call log:
      - attempting scroll into view action
        - waiting for element to be stable
        - element is not stable
      - retrying scroll into view action
        - waiting for element to be stable


      18 |
      19 |   // Scroll slider into view
    > 20 |   await slider.scrollIntoViewIfNeeded();
         |                ^
      21 |
      22 |   // Optional small delay to allow page JS to attach listeners
      23 |   await page.waitForTimeout(300);
        at D:\a\Playwright-public\Playwright-public\tests\training\slider.test.ts:20:16

    attachment #1: screenshot (image/png) ──────────────────────────────────────────────────────────
    test-results\tests-training-slider-Test-4f07f-g-Drop-Sliders-Demo-robust--Chromium\test-failed-1.png
    ────────────────────────────────────────────────────────────────────────────────────────────────

    attachment #2: video (video/webm) ──────────────────────────────────────────────────────────────
    test-results\tests-training-slider-Test-4f07f-g-Drop-Sliders-Demo-robust--Chromium\video.webm
    ────────────────────────────────────────────────────────────────────────────────────────────────

    Error Context: test-results\tests-training-slider-Test-4f07f-g-Drop-Sliders-Demo-robust--Chromium\error-context.md
]]>
</failure>
<system-out>
<![CDATA[
[[ATTACHMENT|..\test-results\tests-training-slider-Test-4f07f-g-Drop-Sliders-Demo-robust--Chromium\test-failed-1.png]]

[[ATTACHMENT|..\test-results\tests-training-slider-Test-4f07f-g-Drop-Sliders-Demo-robust--Chromium\video.webm]]

[[ATTACHMENT|..\test-results\tests-training-slider-Test-4f07f-g-Drop-Sliders-Demo-robust--Chromium\error-context.md]]
]]>
</system-out>
</testcase>
</testsuite>
<testsuite name="tests\training\upload.test.ts" timestamp="2025-11-13T16:57:35.567Z" hostname="Chromium" tests="1" failures="0" skipped="0" time="1.084" errors="0">
<testcase name="File upload with multiple selection verification" classname="tests\training\upload.test.ts" time="1.084">
<system-out>
<![CDATA[Multiple selection enabled: true
Files selected
Files successfully displayed in upload list
]]>
</system-out>
</testcase>
</testsuite>
</testsuites>